{"numFailedTestSuites":4,"numFailedTests":5,"numPassedTestSuites":3,"numPassedTests":18,"numPendingTestSuites":0,"numPendingTests":0,"numRuntimeErrorTestSuites":2,"numTodoTests":0,"numTotalTestSuites":7,"numTotalTests":23,"openHandles":[],"snapshot":{"added":0,"didUpdate":false,"failure":false,"filesAdded":0,"filesRemoved":0,"filesRemovedList":[],"filesUnmatched":0,"filesUpdated":0,"matched":0,"total":0,"unchecked":0,"uncheckedKeysByFile":[],"unmatched":0,"updated":0},"startTime":1772691130792,"success":false,"testResults":[{"assertionResults":[],"coverage":{},"endTime":1772691135351,"message":"  \u001b[1m● \u001b[22mTest suite failed to run\n\n    Your test suite must contain at least one test.\n\n      \u001b[2mat onResult (\u001b[22mnode_modules/@jest/core/build/index.js\u001b[2m:1057:18)\u001b[22m\n      \u001b[2mat \u001b[22mnode_modules/@jest/core/build/index.js\u001b[2m:1127:165\u001b[22m\n      \u001b[2mat \u001b[22mnode_modules/emittery/index.js\u001b[2m:363:13\u001b[22m\n          at Array.map (<anonymous>)\n      \u001b[2mat Emittery.emit (\u001b[22mnode_modules/emittery/index.js\u001b[2m:361:23)\u001b[22m\n","name":"C:\\Users\\User\\Documents\\Developer\\WebApi-Booko\\booko-frontend\\src\\__tests__\\frontend.test.tsx","startTime":1772691135351,"status":"failed","summary":""},{"assertionResults":[],"coverage":{},"endTime":1772691135351,"message":"  \u001b[1m● \u001b[22mTest suite failed to run\n\n    Your test suite must contain at least one test.\n\n      \u001b[2mat onResult (\u001b[22mnode_modules/@jest/core/build/index.js\u001b[2m:1057:18)\u001b[22m\n      \u001b[2mat \u001b[22mnode_modules/@jest/core/build/index.js\u001b[2m:1127:165\u001b[22m\n      \u001b[2mat \u001b[22mnode_modules/emittery/index.js\u001b[2m:363:13\u001b[22m\n          at Array.map (<anonymous>)\n      \u001b[2mat Emittery.emit (\u001b[22mnode_modules/emittery/index.js\u001b[2m:361:23)\u001b[22m\n","name":"C:\\Users\\User\\Documents\\Developer\\WebApi-Booko\\booko-frontend\\src\\__tests__\\login.test.tsx","startTime":1772691135351,"status":"failed","summary":""},{"assertionResults":[{"ancestorTitles":["SeatSelection Component"],"duration":39,"failing":false,"failureDetails":[],"failureMessages":[],"fullName":"SeatSelection Component renders loading state","invocations":1,"location":null,"numPassingAsserts":1,"retryReasons":[],"startAt":1772691134604,"status":"passed","title":"renders loading state"},{"ancestorTitles":["SeatSelection Component"],"duration":67,"failing":false,"failureDetails":[],"failureMessages":[],"fullName":"SeatSelection Component displays seats and allows selection","invocations":1,"location":null,"numPassingAsserts":3,"retryReasons":[],"startAt":1772691134643,"status":"passed","title":"displays seats and allows selection"},{"ancestorTitles":["SeatSelection Component"],"duration":38,"failing":false,"failureDetails":[],"failureMessages":[],"fullName":"SeatSelection Component booked seats are disabled","invocations":1,"location":null,"numPassingAsserts":1,"retryReasons":[],"startAt":1772691134710,"status":"passed","title":"booked seats are disabled"}],"endTime":1772691134751,"message":"","name":"C:\\Users\\User\\Documents\\Developer\\WebApi-Booko\\booko-frontend\\src\\__tests__\\SeatSelection.test.tsx","startTime":1772691133015,"status":"passed","summary":""},{"assertionResults":[{"ancestorTitles":["MovieList Component"],"duration":40,"failing":false,"failureDetails":[],"failureMessages":[],"fullName":"MovieList Component shows loader while fetching","invocations":1,"location":null,"numPassingAsserts":1,"retryReasons":[],"startAt":1772691134617,"status":"passed","title":"shows loader while fetching"},{"ancestorTitles":["MovieList Component"],"duration":57,"failing":false,"failureDetails":[],"failureMessages":[],"fullName":"MovieList Component displays error message on fetch failure","invocations":1,"location":null,"numPassingAsserts":1,"retryReasons":[],"startAt":1772691134658,"status":"passed","title":"displays error message on fetch failure"},{"ancestorTitles":["MovieList Component"],"duration":18,"failing":false,"failureDetails":[],"failureMessages":[],"fullName":"MovieList Component renders no movies message when empty","invocations":1,"location":null,"numPassingAsserts":1,"retryReasons":[],"startAt":1772691134716,"status":"passed","title":"renders no movies message when empty"},{"ancestorTitles":["MovieList Component"],"duration":64,"failing":false,"failureDetails":[],"failureMessages":[],"fullName":"MovieList Component renders movie cards with poster and genres","invocations":1,"location":null,"numPassingAsserts":4,"retryReasons":[],"startAt":1772691134734,"status":"passed","title":"renders movie cards with poster and genres"},{"ancestorTitles":["MovieList Component"],"duration":27,"failing":false,"failureDetails":[],"failureMessages":[],"fullName":"MovieList Component shows showtimes when available","invocations":1,"location":null,"numPassingAsserts":2,"retryReasons":[],"startAt":1772691134798,"status":"passed","title":"shows showtimes when available"},{"ancestorTitles":["MovieList Component"],"duration":16,"failing":false,"failureDetails":[],"failureMessages":[],"fullName":"MovieList Component shows placeholder when poster missing","invocations":1,"location":null,"numPassingAsserts":2,"retryReasons":[],"startAt":1772691134826,"status":"passed","title":"shows placeholder when poster missing"}],"endTime":1772691134844,"message":"","name":"C:\\Users\\User\\Documents\\Developer\\WebApi-Booko\\booko-frontend\\src\\__tests__\\MovieList.test.tsx","startTime":1772691133020,"status":"passed","summary":""},{"assertionResults":[{"ancestorTitles":["SearchBar Component"],"duration":183,"failing":false,"failureDetails":[{"name":"TestingLibraryElementError"}],"failureMessages":["TestingLibraryElementError: Unable to find a label with the text of: /date/i\n\nIgnored nodes: comments, script, style\n\u001b[36m<body>\u001b[39m\n  \u001b[36m<div>\u001b[39m\n    \u001b[36m<div\u001b[39m\n      \u001b[33mstyle\u001b[39m=\u001b[32m\"display: flex; gap: 20px; background: rgba(255, 255, 255, 0.03); padding: 20px; border-radius: 24px; border: 1px solid rgba(255, 255, 255, 0.05); margin-bottom: 40px; align-items: center; flex-wrap: wrap;\"\u001b[39m\n    \u001b[36m>\u001b[39m\n      \u001b[36m<div\u001b[39m\n        \u001b[33mstyle\u001b[39m=\u001b[32m\"position: relative; flex: 1 1 0%; min-width: 250px;\"\u001b[39m\n      \u001b[36m>\u001b[39m\n        \u001b[36m<svg\u001b[39m\n          \u001b[33mfill\u001b[39m=\u001b[32m\"none\"\u001b[39m\n          \u001b[33mstroke\u001b[39m=\u001b[32m\"currentColor\"\u001b[39m\n          \u001b[33mstyle\u001b[39m=\u001b[32m\"position: absolute; left: 15px; top: 50%; transform: translateY(-50%); width: 20px; height: 20px; color: rgba(255, 255, 255, 0.4);\"\u001b[39m\n          \u001b[33mviewBox\u001b[39m=\u001b[32m\"0 0 24 24\"\u001b[39m\n          \u001b[33mxmlns\u001b[39m=\u001b[32m\"http://www.w3.org/2000/svg\"\u001b[39m\n        \u001b[36m>\u001b[39m\n          \u001b[36m<path\u001b[39m\n            \u001b[33md\u001b[39m=\u001b[32m\"M21 21l-6-6m2-5a7 7 0 11-14 0 7 7 0 0114 0z\"\u001b[39m\n            \u001b[33mstroke-linecap\u001b[39m=\u001b[32m\"round\"\u001b[39m\n            \u001b[33mstroke-linejoin\u001b[39m=\u001b[32m\"round\"\u001b[39m\n            \u001b[33mstroke-width\u001b[39m=\u001b[32m\"2\"\u001b[39m\n          \u001b[36m/>\u001b[39m\n        \u001b[36m</svg>\u001b[39m\n        \u001b[36m<input\u001b[39m\n          \u001b[33mplaceholder\u001b[39m=\u001b[32m\"Search movies by title...\"\u001b[39m\n          \u001b[33mstyle\u001b[39m=\u001b[32m\"width: 100%; background: rgba(255, 255, 255, 0.05); border: 1px solid rgba(255, 255, 255, 0.1); border-radius: 15px; padding: 12px 12px 12px 45px; color: white; font-size: 16px; outline: none; transition: border-color 0.2s;\"\u001b[39m\n          \u001b[33mtype\u001b[39m=\u001b[32m\"text\"\u001b[39m\n          \u001b[33mvalue\u001b[39m=\u001b[32m\"\"\u001b[39m\n        \u001b[36m/>\u001b[39m\n      \u001b[36m</div>\u001b[39m\n      \u001b[36m<div\u001b[39m\n        \u001b[33mstyle\u001b[39m=\u001b[32m\"display: flex; gap: 15px; flex-wrap: wrap;\"\u001b[39m\n      \u001b[36m>\u001b[39m\n        \u001b[36m<select\u001b[39m\n          \u001b[33mstyle\u001b[39m=\u001b[32m\"background: black; border: 1px solid rgba(255, 255, 255, 0.1); border-radius: 15px; padding: 12px 20px; color: white; font-size: 15px; cursor: pointer; outline: none;\"\u001b[39m\n        \u001b[36m>\u001b[39m\n          \u001b[36m<option\u001b[39m\n            \u001b[33mstyle\u001b[39m=\u001b[32m\"background: black; color: white;\"\u001b[39m\n            \u001b[33mvalue\u001b[39m=\u001b[32m\"\"\u001b[39m\n          \u001b[36m>\u001b[39m\n            \u001b[0mAll Genres\u001b[0m\n          \u001b[36m</option>\u001b[39m\n          \u001b[36m<option\u001b[39m\n            \u001b[33mstyle\u001b[39m=\u001b[32m\"background: black; color: white;\"\u001b[39m\n            \u001b[33mvalue\u001b[39m=\u001b[32m\"Action\"\u001b[39m\n          \u001b[36m>\u001b[39m\n            \u001b[0mAction\u001b[0m\n          \u001b[36m</option>\u001b[39m\n          \u001b[36m<option\u001b[39m\n            \u001b[33mstyle\u001b[39m=\u001b[32m\"background: black; color: white;\"\u001b[39m\n            \u001b[33mvalue\u001b[39m=\u001b[32m\"Comedy\"\u001b[39m\n          \u001b[36m>\u001b[39m\n            \u001b[0mComedy\u001b[0m\n          \u001b[36m</option>\u001b[39m\n          \u001b[36m<option\u001b[39m\n            \u001b[33mstyle\u001b[39m=\u001b[32m\"background: black; color: white;\"\u001b[39m\n            \u001b[33mvalue\u001b[39m=\u001b[32m\"Drama\"\u001b[39m\n          \u001b[36m>\u001b[39m\n            \u001b[0mDrama\u001b[0m\n          \u001b[36m</option>\u001b[39m\n          \u001b[36m<option\u001b[39m\n            \u001b[33mstyle\u001b[39m=\u001b[32m\"background: black; color: white;\"\u001b[39m\n            \u001b[33mvalue\u001b[39m=\u001b[32m\"Sci-Fi\"\u001b[39m\n          \u001b[36m>\u001b[39m\n            \u001b[0mSci-Fi\u001b[0m\n          \u001b[36m</option>\u001b[39m\n          \u001b[36m<option\u001b[39m\n            \u001b[33mstyle\u001b[39m=\u001b[32m\"background: black; color: white;\"\u001b[39m\n            \u001b[33mvalue\u001b[39m=\u001b[32m\"Horror\"\u001b[39m\n          \u001b[36m>\u001b[39m\n            \u001b[0mHorror\u001b[0m\n          \u001b[36m</option>\u001b[39m\n          \u001b[36m<option\u001b[39m\n            \u001b[33mstyle\u001b[39m=\u001b[32m\"background: black; color: white;\"\u001b[39m\n            \u001b[33mvalue\u001b[39m=\u001b[32m\"Romance\"\u001b[39m\n          \u001b[36m>\u001b[39m\n            \u001b[0mRomance\u001b[0m\n          \u001b[36m</option>\u001b[39m\n        \u001b[36m</select>\u001b[39m\n        \u001b[36m<input\u001b[39m\n          \u001b[33mstyle\u001b[39m=\u001b[32m\"background: black; border: 1px solid rgba(255, 255, 255, 0.1); border-radius: 15px; padding: 10px 15px; color: white; font-size: 15px; cursor: pointer; outline: none;\"\u001b[39m\n          \u001b[33mtype\u001b[39m=\u001b[32m\"date\"\u001b[39m\n          \u001b[33mvalue\u001b[39m=\u001b[32m\"\"\u001b[39m\n        \u001b[36m/>\u001b[39m\n      \u001b[36m</div>\u001b[39m\n    \u001b[36m</div>\u001b[39m\n  \u001b[36m</div>\u001b[39m\n\u001b[36m</body>\u001b[39m\n    at Object.getElementError (C:\\Users\\User\\Documents\\Developer\\WebApi-Booko\\booko-frontend\\node_modules\\@testing-library\\dom\\dist\\config.js:37:19)\n    at getAllByLabelText (C:\\Users\\User\\Documents\\Developer\\WebApi-Booko\\booko-frontend\\node_modules\\@testing-library\\dom\\dist\\queries\\label-text.js:111:38)\n    at C:\\Users\\User\\Documents\\Developer\\WebApi-Booko\\booko-frontend\\node_modules\\@testing-library\\dom\\dist\\query-helpers.js:52:17\n    at C:\\Users\\User\\Documents\\Developer\\WebApi-Booko\\booko-frontend\\node_modules\\@testing-library\\dom\\dist\\query-helpers.js:95:19\n    at Object.getByLabelText (C:\\Users\\User\\Documents\\Developer\\WebApi-Booko\\booko-frontend\\src\\__tests__\\SearchBar.test.tsx:17:23)\n    at Promise.finally.completed (C:\\Users\\User\\Documents\\Developer\\WebApi-Booko\\booko-frontend\\node_modules\\jest-circus\\build\\jestAdapterInit.js:1557:28)\n    at new Promise (<anonymous>)\n    at callAsyncCircusFn (C:\\Users\\User\\Documents\\Developer\\WebApi-Booko\\booko-frontend\\node_modules\\jest-circus\\build\\jestAdapterInit.js:1497:10)\n    at _callCircusTest (C:\\Users\\User\\Documents\\Developer\\WebApi-Booko\\booko-frontend\\node_modules\\jest-circus\\build\\jestAdapterInit.js:1007:40)\n    at processTicksAndRejections (node:internal/process/task_queues:105:5)\n    at _runTest (C:\\Users\\User\\Documents\\Developer\\WebApi-Booko\\booko-frontend\\node_modules\\jest-circus\\build\\jestAdapterInit.js:947:3)\n    at C:\\Users\\User\\Documents\\Developer\\WebApi-Booko\\booko-frontend\\node_modules\\jest-circus\\build\\jestAdapterInit.js:849:7\n    at _runTestsForDescribeBlock (C:\\Users\\User\\Documents\\Developer\\WebApi-Booko\\booko-frontend\\node_modules\\jest-circus\\build\\jestAdapterInit.js:862:11)\n    at _runTestsForDescribeBlock (C:\\Users\\User\\Documents\\Developer\\WebApi-Booko\\booko-frontend\\node_modules\\jest-circus\\build\\jestAdapterInit.js:857:11)\n    at run (C:\\Users\\User\\Documents\\Developer\\WebApi-Booko\\booko-frontend\\node_modules\\jest-circus\\build\\jestAdapterInit.js:761:3)\n    at runAndTransformResultsToJestFormat (C:\\Users\\User\\Documents\\Developer\\WebApi-Booko\\booko-frontend\\node_modules\\jest-circus\\build\\jestAdapterInit.js:1918:21)\n    at jestAdapter (C:\\Users\\User\\Documents\\Developer\\WebApi-Booko\\booko-frontend\\node_modules\\jest-circus\\build\\runner.js:101:19)\n    at runTestInternal (C:\\Users\\User\\Documents\\Developer\\WebApi-Booko\\booko-frontend\\node_modules\\jest-runner\\build\\testWorker.js:275:16)\n    at runTest (C:\\Users\\User\\Documents\\Developer\\WebApi-Booko\\booko-frontend\\node_modules\\jest-runner\\build\\testWorker.js:343:7)\n    at Object.worker (C:\\Users\\User\\Documents\\Developer\\WebApi-Booko\\booko-frontend\\node_modules\\jest-runner\\build\\testWorker.js:497:12)"],"fullName":"SearchBar Component renders input and filters","invocations":1,"location":null,"numPassingAsserts":2,"retryReasons":[],"startAt":1772691134544,"status":"failed","title":"renders input and filters"},{"ancestorTitles":["SearchBar Component"],"duration":47,"failing":false,"failureDetails":[{"name":"TestingLibraryElementError"}],"failureMessages":["TestingLibraryElementError: Unable to find a label with the text of: /date/i\n\nIgnored nodes: comments, script, style\n\u001b[36m<body>\u001b[39m\n  \u001b[36m<div>\u001b[39m\n    \u001b[36m<div\u001b[39m\n      \u001b[33mstyle\u001b[39m=\u001b[32m\"display: flex; gap: 20px; background: rgba(255, 255, 255, 0.03); padding: 20px; border-radius: 24px; border: 1px solid rgba(255, 255, 255, 0.05); margin-bottom: 40px; align-items: center; flex-wrap: wrap;\"\u001b[39m\n    \u001b[36m>\u001b[39m\n      \u001b[36m<div\u001b[39m\n        \u001b[33mstyle\u001b[39m=\u001b[32m\"position: relative; flex: 1 1 0%; min-width: 250px;\"\u001b[39m\n      \u001b[36m>\u001b[39m\n        \u001b[36m<svg\u001b[39m\n          \u001b[33mfill\u001b[39m=\u001b[32m\"none\"\u001b[39m\n          \u001b[33mstroke\u001b[39m=\u001b[32m\"currentColor\"\u001b[39m\n          \u001b[33mstyle\u001b[39m=\u001b[32m\"position: absolute; left: 15px; top: 50%; transform: translateY(-50%); width: 20px; height: 20px; color: rgba(255, 255, 255, 0.4);\"\u001b[39m\n          \u001b[33mviewBox\u001b[39m=\u001b[32m\"0 0 24 24\"\u001b[39m\n          \u001b[33mxmlns\u001b[39m=\u001b[32m\"http://www.w3.org/2000/svg\"\u001b[39m\n        \u001b[36m>\u001b[39m\n          \u001b[36m<path\u001b[39m\n            \u001b[33md\u001b[39m=\u001b[32m\"M21 21l-6-6m2-5a7 7 0 11-14 0 7 7 0 0114 0z\"\u001b[39m\n            \u001b[33mstroke-linecap\u001b[39m=\u001b[32m\"round\"\u001b[39m\n            \u001b[33mstroke-linejoin\u001b[39m=\u001b[32m\"round\"\u001b[39m\n            \u001b[33mstroke-width\u001b[39m=\u001b[32m\"2\"\u001b[39m\n          \u001b[36m/>\u001b[39m\n        \u001b[36m</svg>\u001b[39m\n        \u001b[36m<input\u001b[39m\n          \u001b[33mplaceholder\u001b[39m=\u001b[32m\"Search movies by title...\"\u001b[39m\n          \u001b[33mstyle\u001b[39m=\u001b[32m\"width: 100%; background: rgba(255, 255, 255, 0.05); border: 1px solid rgba(255, 255, 255, 0.1); border-radius: 15px; padding: 12px 12px 12px 45px; color: white; font-size: 16px; outline: none; transition: border-color 0.2s;\"\u001b[39m\n          \u001b[33mtype\u001b[39m=\u001b[32m\"text\"\u001b[39m\n          \u001b[33mvalue\u001b[39m=\u001b[32m\"Matrix\"\u001b[39m\n        \u001b[36m/>\u001b[39m\n      \u001b[36m</div>\u001b[39m\n      \u001b[36m<div\u001b[39m\n        \u001b[33mstyle\u001b[39m=\u001b[32m\"display: flex; gap: 15px; flex-wrap: wrap;\"\u001b[39m\n      \u001b[36m>\u001b[39m\n        \u001b[36m<select\u001b[39m\n          \u001b[33mstyle\u001b[39m=\u001b[32m\"background: black; border: 1px solid rgba(255, 255, 255, 0.1); border-radius: 15px; padding: 12px 20px; color: white; font-size: 15px; cursor: pointer; outline: none;\"\u001b[39m\n        \u001b[36m>\u001b[39m\n          \u001b[36m<option\u001b[39m\n            \u001b[33mstyle\u001b[39m=\u001b[32m\"background: black; color: white;\"\u001b[39m\n            \u001b[33mvalue\u001b[39m=\u001b[32m\"\"\u001b[39m\n          \u001b[36m>\u001b[39m\n            \u001b[0mAll Genres\u001b[0m\n          \u001b[36m</option>\u001b[39m\n          \u001b[36m<option\u001b[39m\n            \u001b[33mstyle\u001b[39m=\u001b[32m\"background: black; color: white;\"\u001b[39m\n            \u001b[33mvalue\u001b[39m=\u001b[32m\"Action\"\u001b[39m\n          \u001b[36m>\u001b[39m\n            \u001b[0mAction\u001b[0m\n          \u001b[36m</option>\u001b[39m\n          \u001b[36m<option\u001b[39m\n            \u001b[33mstyle\u001b[39m=\u001b[32m\"background: black; color: white;\"\u001b[39m\n            \u001b[33mvalue\u001b[39m=\u001b[32m\"Comedy\"\u001b[39m\n          \u001b[36m>\u001b[39m\n            \u001b[0mComedy\u001b[0m\n          \u001b[36m</option>\u001b[39m\n          \u001b[36m<option\u001b[39m\n            \u001b[33mstyle\u001b[39m=\u001b[32m\"background: black; color: white;\"\u001b[39m\n            \u001b[33mvalue\u001b[39m=\u001b[32m\"Drama\"\u001b[39m\n          \u001b[36m>\u001b[39m\n            \u001b[0mDrama\u001b[0m\n          \u001b[36m</option>\u001b[39m\n          \u001b[36m<option\u001b[39m\n            \u001b[33mstyle\u001b[39m=\u001b[32m\"background: black; color: white;\"\u001b[39m\n            \u001b[33mvalue\u001b[39m=\u001b[32m\"Sci-Fi\"\u001b[39m\n          \u001b[36m>\u001b[39m\n            \u001b[0mSci-Fi\u001b[0m\n          \u001b[36m</option>\u001b[39m\n          \u001b[36m<option\u001b[39m\n            \u001b[33mstyle\u001b[39m=\u001b[32m\"background: black; color: white;\"\u001b[39m\n            \u001b[33mvalue\u001b[39m=\u001b[32m\"Horror\"\u001b[39m\n          \u001b[36m>\u001b[39m\n            \u001b[0mHorror\u001b[0m\n          \u001b[36m</option>\u001b[39m\n          \u001b[36m<option\u001b[39m\n            \u001b[33mstyle\u001b[39m=\u001b[32m\"background: black; color: white;\"\u001b[39m\n            \u001b[33mvalue\u001b[39m=\u001b[32m\"Romance\"\u001b[39m\n          \u001b[36m>\u001b[39m\n            \u001b[0mRomance\u001b[0m\n          \u001b[36m</option>\u001b[39m\n        \u001b[36m</select>\u001b[39m\n        \u001b[36m<input\u001b[39m\n          \u001b[33mstyle\u001b[39m=\u001b[32m\"background: black; border: 1px solid rgba(255, 255, 255, 0.1); border-radius: 15px; padding: 10px 15px; color: white; font-size: 15px; cursor: pointer; outline: none;\"\u001b[39m\n          \u001b[33mtype\u001b[39m=\u001b[32m\"date\"\u001b[39m\n          \u001b[33mvalue\u001b[39m=\u001b[32m\"\"\u001b[39m\n        \u001b[36m/>\u001b[39m\n      \u001b[36m</div>\u001b[39m\n    \u001b[36m</div>\u001b[39m\n  \u001b[36m</div>\u001b[39m\n\u001b[36m</body>\u001b[39m\n    at Object.getElementError (C:\\Users\\User\\Documents\\Developer\\WebApi-Booko\\booko-frontend\\node_modules\\@testing-library\\dom\\dist\\config.js:37:19)\n    at getAllByLabelText (C:\\Users\\User\\Documents\\Developer\\WebApi-Booko\\booko-frontend\\node_modules\\@testing-library\\dom\\dist\\queries\\label-text.js:111:38)\n    at C:\\Users\\User\\Documents\\Developer\\WebApi-Booko\\booko-frontend\\node_modules\\@testing-library\\dom\\dist\\query-helpers.js:52:17\n    at C:\\Users\\User\\Documents\\Developer\\WebApi-Booko\\booko-frontend\\node_modules\\@testing-library\\dom\\dist\\query-helpers.js:95:19\n    at Object.getByLabelText (C:\\Users\\User\\Documents\\Developer\\WebApi-Booko\\booko-frontend\\src\\__tests__\\SearchBar.test.tsx:24:33)\n    at Promise.finally.completed (C:\\Users\\User\\Documents\\Developer\\WebApi-Booko\\booko-frontend\\node_modules\\jest-circus\\build\\jestAdapterInit.js:1557:28)\n    at new Promise (<anonymous>)\n    at callAsyncCircusFn (C:\\Users\\User\\Documents\\Developer\\WebApi-Booko\\booko-frontend\\node_modules\\jest-circus\\build\\jestAdapterInit.js:1497:10)\n    at _callCircusTest (C:\\Users\\User\\Documents\\Developer\\WebApi-Booko\\booko-frontend\\node_modules\\jest-circus\\build\\jestAdapterInit.js:1007:40)\n    at processTicksAndRejections (node:internal/process/task_queues:105:5)\n    at _runTest (C:\\Users\\User\\Documents\\Developer\\WebApi-Booko\\booko-frontend\\node_modules\\jest-circus\\build\\jestAdapterInit.js:947:3)\n    at C:\\Users\\User\\Documents\\Developer\\WebApi-Booko\\booko-frontend\\node_modules\\jest-circus\\build\\jestAdapterInit.js:849:7\n    at _runTestsForDescribeBlock (C:\\Users\\User\\Documents\\Developer\\WebApi-Booko\\booko-frontend\\node_modules\\jest-circus\\build\\jestAdapterInit.js:862:11)\n    at _runTestsForDescribeBlock (C:\\Users\\User\\Documents\\Developer\\WebApi-Booko\\booko-frontend\\node_modules\\jest-circus\\build\\jestAdapterInit.js:857:11)\n    at run (C:\\Users\\User\\Documents\\Developer\\WebApi-Booko\\booko-frontend\\node_modules\\jest-circus\\build\\jestAdapterInit.js:761:3)\n    at runAndTransformResultsToJestFormat (C:\\Users\\User\\Documents\\Developer\\WebApi-Booko\\booko-frontend\\node_modules\\jest-circus\\build\\jestAdapterInit.js:1918:21)\n    at jestAdapter (C:\\Users\\User\\Documents\\Developer\\WebApi-Booko\\booko-frontend\\node_modules\\jest-circus\\build\\runner.js:101:19)\n    at runTestInternal (C:\\Users\\User\\Documents\\Developer\\WebApi-Booko\\booko-frontend\\node_modules\\jest-runner\\build\\testWorker.js:275:16)\n    at runTest (C:\\Users\\User\\Documents\\Developer\\WebApi-Booko\\booko-frontend\\node_modules\\jest-runner\\build\\testWorker.js:343:7)\n    at Object.worker (C:\\Users\\User\\Documents\\Developer\\WebApi-Booko\\booko-frontend\\node_modules\\jest-runner\\build\\testWorker.js:497:12)"],"fullName":"SearchBar Component calls onSearch after debounce","invocations":1,"location":null,"numPassingAsserts":0,"retryReasons":[],"startAt":1772691134746,"status":"failed","title":"calls onSearch after debounce"},{"ancestorTitles":["SearchBar Component"],"duration":29,"failing":false,"failureDetails":[],"failureMessages":[],"fullName":"SearchBar Component debounce resets on rapid input","invocations":1,"location":null,"numPassingAsserts":1,"retryReasons":[],"startAt":1772691134793,"status":"passed","title":"debounce resets on rapid input"},{"ancestorTitles":["SearchBar Component"],"duration":11,"failing":false,"failureDetails":[],"failureMessages":[],"fullName":"SearchBar Component does not call onSearch before debounce period","invocations":1,"location":null,"numPassingAsserts":1,"retryReasons":[],"startAt":1772691134822,"status":"passed","title":"does not call onSearch before debounce period"}],"endTime":1772691134856,"message":"\u001b[1m\u001b[31m  \u001b[1m● \u001b[22m\u001b[1mSearchBar Component › renders input and filters\u001b[39m\u001b[22m\n\n    TestingLibraryElementError: Unable to find a label with the text of: /date/i\n\n    Ignored nodes: comments, script, style\n    \u001b[36m<body>\u001b[39m\n      \u001b[36m<div>\u001b[39m\n        \u001b[36m<div\u001b[39m\n          \u001b[33mstyle\u001b[39m=\u001b[32m\"display: flex; gap: 20px; background: rgba(255, 255, 255, 0.03); padding: 20px; border-radius: 24px; border: 1px solid rgba(255, 255, 255, 0.05); margin-bottom: 40px; align-items: center; flex-wrap: wrap;\"\u001b[39m\n        \u001b[36m>\u001b[39m\n          \u001b[36m<div\u001b[39m\n            \u001b[33mstyle\u001b[39m=\u001b[32m\"position: relative; flex: 1 1 0%; min-width: 250px;\"\u001b[39m\n          \u001b[36m>\u001b[39m\n            \u001b[36m<svg\u001b[39m\n              \u001b[33mfill\u001b[39m=\u001b[32m\"none\"\u001b[39m\n              \u001b[33mstroke\u001b[39m=\u001b[32m\"currentColor\"\u001b[39m\n              \u001b[33mstyle\u001b[39m=\u001b[32m\"position: absolute; left: 15px; top: 50%; transform: translateY(-50%); width: 20px; height: 20px; color: rgba(255, 255, 255, 0.4);\"\u001b[39m\n              \u001b[33mviewBox\u001b[39m=\u001b[32m\"0 0 24 24\"\u001b[39m\n              \u001b[33mxmlns\u001b[39m=\u001b[32m\"http://www.w3.org/2000/svg\"\u001b[39m\n            \u001b[36m>\u001b[39m\n              \u001b[36m<path\u001b[39m\n                \u001b[33md\u001b[39m=\u001b[32m\"M21 21l-6-6m2-5a7 7 0 11-14 0 7 7 0 0114 0z\"\u001b[39m\n                \u001b[33mstroke-linecap\u001b[39m=\u001b[32m\"round\"\u001b[39m\n                \u001b[33mstroke-linejoin\u001b[39m=\u001b[32m\"round\"\u001b[39m\n                \u001b[33mstroke-width\u001b[39m=\u001b[32m\"2\"\u001b[39m\n              \u001b[36m/>\u001b[39m\n            \u001b[36m</svg>\u001b[39m\n            \u001b[36m<input\u001b[39m\n              \u001b[33mplaceholder\u001b[39m=\u001b[32m\"Search movies by title...\"\u001b[39m\n              \u001b[33mstyle\u001b[39m=\u001b[32m\"width: 100%; background: rgba(255, 255, 255, 0.05); border: 1px solid rgba(255, 255, 255, 0.1); border-radius: 15px; padding: 12px 12px 12px 45px; color: white; font-size: 16px; outline: none; transition: border-color 0.2s;\"\u001b[39m\n              \u001b[33mtype\u001b[39m=\u001b[32m\"text\"\u001b[39m\n              \u001b[33mvalue\u001b[39m=\u001b[32m\"\"\u001b[39m\n            \u001b[36m/>\u001b[39m\n          \u001b[36m</div>\u001b[39m\n          \u001b[36m<div\u001b[39m\n            \u001b[33mstyle\u001b[39m=\u001b[32m\"display: flex; gap: 15px; flex-wrap: wrap;\"\u001b[39m\n          \u001b[36m>\u001b[39m\n            \u001b[36m<select\u001b[39m\n              \u001b[33mstyle\u001b[39m=\u001b[32m\"background: black; border: 1px solid rgba(255, 255, 255, 0.1); border-radius: 15px; padding: 12px 20px; color: white; font-size: 15px; cursor: pointer; outline: none;\"\u001b[39m\n            \u001b[36m>\u001b[39m\n              \u001b[36m<option\u001b[39m\n                \u001b[33mstyle\u001b[39m=\u001b[32m\"background: black; color: white;\"\u001b[39m\n                \u001b[33mvalue\u001b[39m=\u001b[32m\"\"\u001b[39m\n              \u001b[36m>\u001b[39m\n                \u001b[0mAll Genres\u001b[0m\n              \u001b[36m</option>\u001b[39m\n              \u001b[36m<option\u001b[39m\n                \u001b[33mstyle\u001b[39m=\u001b[32m\"background: black; color: white;\"\u001b[39m\n                \u001b[33mvalue\u001b[39m=\u001b[32m\"Action\"\u001b[39m\n              \u001b[36m>\u001b[39m\n                \u001b[0mAction\u001b[0m\n              \u001b[36m</option>\u001b[39m\n              \u001b[36m<option\u001b[39m\n                \u001b[33mstyle\u001b[39m=\u001b[32m\"background: black; color: white;\"\u001b[39m\n                \u001b[33mvalue\u001b[39m=\u001b[32m\"Comedy\"\u001b[39m\n              \u001b[36m>\u001b[39m\n                \u001b[0mComedy\u001b[0m\n              \u001b[36m</option>\u001b[39m\n              \u001b[36m<option\u001b[39m\n                \u001b[33mstyle\u001b[39m=\u001b[32m\"background: black; color: white;\"\u001b[39m\n                \u001b[33mvalue\u001b[39m=\u001b[32m\"Drama\"\u001b[39m\n              \u001b[36m>\u001b[39m\n                \u001b[0mDrama\u001b[0m\n              \u001b[36m</option>\u001b[39m\n              \u001b[36m<option\u001b[39m\n                \u001b[33mstyle\u001b[39m=\u001b[32m\"background: black; color: white;\"\u001b[39m\n                \u001b[33mvalue\u001b[39m=\u001b[32m\"Sci-Fi\"\u001b[39m\n              \u001b[36m>\u001b[39m\n                \u001b[0mSci-Fi\u001b[0m\n              \u001b[36m</option>\u001b[39m\n              \u001b[36m<option\u001b[39m\n                \u001b[33mstyle\u001b[39m=\u001b[32m\"background: black; color: white;\"\u001b[39m\n                \u001b[33mvalue\u001b[39m=\u001b[32m\"Horror\"\u001b[39m\n              \u001b[36m>\u001b[39m\n                \u001b[0mHorror\u001b[0m\n              \u001b[36m</option>\u001b[39m\n              \u001b[36m<option\u001b[39m\n                \u001b[33mstyle\u001b[39m=\u001b[32m\"background: black; color: white;\"\u001b[39m\n                \u001b[33mvalue\u001b[39m=\u001b[32m\"Romance\"\u001b[39m\n              \u001b[36m>\u001b[39m\n                \u001b[0mRomance\u001b[0m\n              \u001b[36m</option>\u001b[39m\n            \u001b[36m</select>\u001b[39m\n            \u001b[36m<input\u001b[39m\n              \u001b[33mstyle\u001b[39m=\u001b[32m\"background: black; border: 1px solid rgba(255, 255, 255, 0.1); border-radius: 15px; padding: 10px 15px; color: white; font-size: 15px; cursor: pointer; outline: none;\"\u001b[39m\n              \u001b[33mtype\u001b[39m=\u001b[32m\"date\"\u001b[39m\n              \u001b[33mvalue\u001b[39m=\u001b[32m\"\"\u001b[39m\n            \u001b[36m/>\u001b[39m\n          \u001b[36m</div>\u001b[39m\n        \u001b[36m</div>\u001b[39m\n      \u001b[36m</div>\u001b[39m\n    \u001b[36m</body>\u001b[39m\n\u001b[2m\u001b[22m\n\u001b[2m    \u001b[0m \u001b[90m 15 |\u001b[39m         expect(screen\u001b[33m.\u001b[39mgetByPlaceholderText(\u001b[35m/Search movies by title/i\u001b[39m))\u001b[33m.\u001b[39mtoBeInTheDocument()\u001b[33m;\u001b[39m\u001b[22m\n\u001b[2m     \u001b[90m 16 |\u001b[39m         expect(screen\u001b[33m.\u001b[39mgetByRole(\u001b[32m'combobox'\u001b[39m))\u001b[33m.\u001b[39mtoBeInTheDocument()\u001b[33m;\u001b[39m\u001b[22m\n\u001b[2m    \u001b[31m\u001b[1m>\u001b[22m\u001b[2m\u001b[39m\u001b[90m 17 |\u001b[39m         expect(screen\u001b[33m.\u001b[39mgetByLabelText(\u001b[35m/date/i\u001b[39m))\u001b[33m.\u001b[39mtoBeInTheDocument()\u001b[33m;\u001b[39m\u001b[22m\n\u001b[2m     \u001b[90m    |\u001b[39m                       \u001b[31m\u001b[1m^\u001b[22m\u001b[2m\u001b[39m\u001b[22m\n\u001b[2m     \u001b[90m 18 |\u001b[39m     })\u001b[33m;\u001b[39m\u001b[22m\n\u001b[2m     \u001b[90m 19 |\u001b[39m\u001b[22m\n\u001b[2m     \u001b[90m 20 |\u001b[39m     test(\u001b[32m'calls onSearch after debounce'\u001b[39m\u001b[33m,\u001b[39m \u001b[36masync\u001b[39m () \u001b[33m=>\u001b[39m {\u001b[0m\u001b[22m\n\u001b[2m\u001b[22m\n\u001b[2m      \u001b[2mat Object.getElementError (\u001b[22m\u001b[2mnode_modules/@testing-library/dom/dist/config.js\u001b[2m:37:19)\u001b[22m\u001b[2m\u001b[22m\n\u001b[2m      \u001b[2mat getAllByLabelText (\u001b[22m\u001b[2mnode_modules/@testing-library/dom/dist/queries/label-text.js\u001b[2m:111:38)\u001b[22m\u001b[2m\u001b[22m\n\u001b[2m      \u001b[2mat \u001b[22m\u001b[2mnode_modules/@testing-library/dom/dist/query-helpers.js\u001b[2m:52:17\u001b[22m\u001b[2m\u001b[22m\n\u001b[2m      \u001b[2mat \u001b[22m\u001b[2mnode_modules/@testing-library/dom/dist/query-helpers.js\u001b[2m:95:19\u001b[22m\u001b[2m\u001b[22m\n\u001b[2m      \u001b[2mat Object.getByLabelText (\u001b[22m\u001b[2m\u001b[0m\u001b[36msrc/__tests__/SearchBar.test.tsx\u001b[39m\u001b[0m\u001b[2m:17:23)\u001b[22m\u001b[2m\u001b[22m\n\n\u001b[1m\u001b[31m  \u001b[1m● \u001b[22m\u001b[1mSearchBar Component › calls onSearch after debounce\u001b[39m\u001b[22m\n\n    TestingLibraryElementError: Unable to find a label with the text of: /date/i\n\n    Ignored nodes: comments, script, style\n    \u001b[36m<body>\u001b[39m\n      \u001b[36m<div>\u001b[39m\n        \u001b[36m<div\u001b[39m\n          \u001b[33mstyle\u001b[39m=\u001b[32m\"display: flex; gap: 20px; background: rgba(255, 255, 255, 0.03); padding: 20px; border-radius: 24px; border: 1px solid rgba(255, 255, 255, 0.05); margin-bottom: 40px; align-items: center; flex-wrap: wrap;\"\u001b[39m\n        \u001b[36m>\u001b[39m\n          \u001b[36m<div\u001b[39m\n            \u001b[33mstyle\u001b[39m=\u001b[32m\"position: relative; flex: 1 1 0%; min-width: 250px;\"\u001b[39m\n          \u001b[36m>\u001b[39m\n            \u001b[36m<svg\u001b[39m\n              \u001b[33mfill\u001b[39m=\u001b[32m\"none\"\u001b[39m\n              \u001b[33mstroke\u001b[39m=\u001b[32m\"currentColor\"\u001b[39m\n              \u001b[33mstyle\u001b[39m=\u001b[32m\"position: absolute; left: 15px; top: 50%; transform: translateY(-50%); width: 20px; height: 20px; color: rgba(255, 255, 255, 0.4);\"\u001b[39m\n              \u001b[33mviewBox\u001b[39m=\u001b[32m\"0 0 24 24\"\u001b[39m\n              \u001b[33mxmlns\u001b[39m=\u001b[32m\"http://www.w3.org/2000/svg\"\u001b[39m\n            \u001b[36m>\u001b[39m\n              \u001b[36m<path\u001b[39m\n                \u001b[33md\u001b[39m=\u001b[32m\"M21 21l-6-6m2-5a7 7 0 11-14 0 7 7 0 0114 0z\"\u001b[39m\n                \u001b[33mstroke-linecap\u001b[39m=\u001b[32m\"round\"\u001b[39m\n                \u001b[33mstroke-linejoin\u001b[39m=\u001b[32m\"round\"\u001b[39m\n                \u001b[33mstroke-width\u001b[39m=\u001b[32m\"2\"\u001b[39m\n              \u001b[36m/>\u001b[39m\n            \u001b[36m</svg>\u001b[39m\n            \u001b[36m<input\u001b[39m\n              \u001b[33mplaceholder\u001b[39m=\u001b[32m\"Search movies by title...\"\u001b[39m\n              \u001b[33mstyle\u001b[39m=\u001b[32m\"width: 100%; background: rgba(255, 255, 255, 0.05); border: 1px solid rgba(255, 255, 255, 0.1); border-radius: 15px; padding: 12px 12px 12px 45px; color: white; font-size: 16px; outline: none; transition: border-color 0.2s;\"\u001b[39m\n              \u001b[33mtype\u001b[39m=\u001b[32m\"text\"\u001b[39m\n              \u001b[33mvalue\u001b[39m=\u001b[32m\"Matrix\"\u001b[39m\n            \u001b[36m/>\u001b[39m\n          \u001b[36m</div>\u001b[39m\n          \u001b[36m<div\u001b[39m\n            \u001b[33mstyle\u001b[39m=\u001b[32m\"display: flex; gap: 15px; flex-wrap: wrap;\"\u001b[39m\n          \u001b[36m>\u001b[39m\n            \u001b[36m<select\u001b[39m\n              \u001b[33mstyle\u001b[39m=\u001b[32m\"background: black; border: 1px solid rgba(255, 255, 255, 0.1); border-radius: 15px; padding: 12px 20px; color: white; font-size: 15px; cursor: pointer; outline: none;\"\u001b[39m\n            \u001b[36m>\u001b[39m\n              \u001b[36m<option\u001b[39m\n                \u001b[33mstyle\u001b[39m=\u001b[32m\"background: black; color: white;\"\u001b[39m\n                \u001b[33mvalue\u001b[39m=\u001b[32m\"\"\u001b[39m\n              \u001b[36m>\u001b[39m\n                \u001b[0mAll Genres\u001b[0m\n              \u001b[36m</option>\u001b[39m\n              \u001b[36m<option\u001b[39m\n                \u001b[33mstyle\u001b[39m=\u001b[32m\"background: black; color: white;\"\u001b[39m\n                \u001b[33mvalue\u001b[39m=\u001b[32m\"Action\"\u001b[39m\n              \u001b[36m>\u001b[39m\n                \u001b[0mAction\u001b[0m\n              \u001b[36m</option>\u001b[39m\n              \u001b[36m<option\u001b[39m\n                \u001b[33mstyle\u001b[39m=\u001b[32m\"background: black; color: white;\"\u001b[39m\n                \u001b[33mvalue\u001b[39m=\u001b[32m\"Comedy\"\u001b[39m\n              \u001b[36m>\u001b[39m\n                \u001b[0mComedy\u001b[0m\n              \u001b[36m</option>\u001b[39m\n              \u001b[36m<option\u001b[39m\n                \u001b[33mstyle\u001b[39m=\u001b[32m\"background: black; color: white;\"\u001b[39m\n                \u001b[33mvalue\u001b[39m=\u001b[32m\"Drama\"\u001b[39m\n              \u001b[36m>\u001b[39m\n                \u001b[0mDrama\u001b[0m\n              \u001b[36m</option>\u001b[39m\n              \u001b[36m<option\u001b[39m\n                \u001b[33mstyle\u001b[39m=\u001b[32m\"background: black; color: white;\"\u001b[39m\n                \u001b[33mvalue\u001b[39m=\u001b[32m\"Sci-Fi\"\u001b[39m\n              \u001b[36m>\u001b[39m\n                \u001b[0mSci-Fi\u001b[0m\n              \u001b[36m</option>\u001b[39m\n              \u001b[36m<option\u001b[39m\n                \u001b[33mstyle\u001b[39m=\u001b[32m\"background: black; color: white;\"\u001b[39m\n                \u001b[33mvalue\u001b[39m=\u001b[32m\"Horror\"\u001b[39m\n              \u001b[36m>\u001b[39m\n                \u001b[0mHorror\u001b[0m\n              \u001b[36m</option>\u001b[39m\n              \u001b[36m<option\u001b[39m\n                \u001b[33mstyle\u001b[39m=\u001b[32m\"background: black; color: white;\"\u001b[39m\n                \u001b[33mvalue\u001b[39m=\u001b[32m\"Romance\"\u001b[39m\n              \u001b[36m>\u001b[39m\n                \u001b[0mRomance\u001b[0m\n              \u001b[36m</option>\u001b[39m\n            \u001b[36m</select>\u001b[39m\n            \u001b[36m<input\u001b[39m\n              \u001b[33mstyle\u001b[39m=\u001b[32m\"background: black; border: 1px solid rgba(255, 255, 255, 0.1); border-radius: 15px; padding: 10px 15px; color: white; font-size: 15px; cursor: pointer; outline: none;\"\u001b[39m\n              \u001b[33mtype\u001b[39m=\u001b[32m\"date\"\u001b[39m\n              \u001b[33mvalue\u001b[39m=\u001b[32m\"\"\u001b[39m\n            \u001b[36m/>\u001b[39m\n          \u001b[36m</div>\u001b[39m\n        \u001b[36m</div>\u001b[39m\n      \u001b[36m</div>\u001b[39m\n    \u001b[36m</body>\u001b[39m\n\u001b[2m\u001b[22m\n\u001b[2m    \u001b[0m \u001b[90m 22 |\u001b[39m         fireEvent\u001b[33m.\u001b[39mchange(screen\u001b[33m.\u001b[39mgetByPlaceholderText(\u001b[35m/Search movies by title/i\u001b[39m)\u001b[33m,\u001b[39m { target\u001b[33m:\u001b[39m { value\u001b[33m:\u001b[39m \u001b[32m'Matrix'\u001b[39m } })\u001b[33m;\u001b[39m\u001b[22m\n\u001b[2m     \u001b[90m 23 |\u001b[39m         fireEvent\u001b[33m.\u001b[39mchange(screen\u001b[33m.\u001b[39mgetByRole(\u001b[32m'combobox'\u001b[39m)\u001b[33m,\u001b[39m { target\u001b[33m:\u001b[39m { value\u001b[33m:\u001b[39m \u001b[32m'Action'\u001b[39m } })\u001b[33m;\u001b[39m\u001b[22m\n\u001b[2m    \u001b[31m\u001b[1m>\u001b[22m\u001b[2m\u001b[39m\u001b[90m 24 |\u001b[39m         fireEvent\u001b[33m.\u001b[39mchange(screen\u001b[33m.\u001b[39mgetByLabelText(\u001b[35m/date/i\u001b[39m)\u001b[33m,\u001b[39m { target\u001b[33m:\u001b[39m { value\u001b[33m:\u001b[39m \u001b[32m'2023-01-01'\u001b[39m } })\u001b[33m;\u001b[39m\u001b[22m\n\u001b[2m     \u001b[90m    |\u001b[39m                                 \u001b[31m\u001b[1m^\u001b[22m\u001b[2m\u001b[39m\u001b[22m\n\u001b[2m     \u001b[90m 25 |\u001b[39m         \u001b[90m// Fast-forward debounce timer\u001b[39m\u001b[22m\n\u001b[2m     \u001b[90m 26 |\u001b[39m         jest\u001b[33m.\u001b[39madvanceTimersByTime(\u001b[35m500\u001b[39m)\u001b[33m;\u001b[39m\u001b[22m\n\u001b[2m     \u001b[90m 27 |\u001b[39m         \u001b[36mawait\u001b[39m waitFor(() \u001b[33m=>\u001b[39m expect(mockOnSearch)\u001b[33m.\u001b[39mtoHaveBeenCalledWith({ search\u001b[33m:\u001b[39m \u001b[32m'Matrix'\u001b[39m\u001b[33m,\u001b[39m genre\u001b[33m:\u001b[39m \u001b[32m'Action'\u001b[39m\u001b[33m,\u001b[39m date\u001b[33m:\u001b[39m \u001b[32m'2023-01-01'\u001b[39m }))\u001b[33m;\u001b[39m\u001b[0m\u001b[22m\n\u001b[2m\u001b[22m\n\u001b[2m      \u001b[2mat Object.getElementError (\u001b[22m\u001b[2mnode_modules/@testing-library/dom/dist/config.js\u001b[2m:37:19)\u001b[22m\u001b[2m\u001b[22m\n\u001b[2m      \u001b[2mat getAllByLabelText (\u001b[22m\u001b[2mnode_modules/@testing-library/dom/dist/queries/label-text.js\u001b[2m:111:38)\u001b[22m\u001b[2m\u001b[22m\n\u001b[2m      \u001b[2mat \u001b[22m\u001b[2mnode_modules/@testing-library/dom/dist/query-helpers.js\u001b[2m:52:17\u001b[22m\u001b[2m\u001b[22m\n\u001b[2m      \u001b[2mat \u001b[22m\u001b[2mnode_modules/@testing-library/dom/dist/query-helpers.js\u001b[2m:95:19\u001b[22m\u001b[2m\u001b[22m\n\u001b[2m      \u001b[2mat Object.getByLabelText (\u001b[22m\u001b[2m\u001b[0m\u001b[36msrc/__tests__/SearchBar.test.tsx\u001b[39m\u001b[0m\u001b[2m:24:33)\u001b[22m\u001b[2m\u001b[22m\n","name":"C:\\Users\\User\\Documents\\Developer\\WebApi-Booko\\booko-frontend\\src\\__tests__\\SearchBar.test.tsx","startTime":1772691133051,"status":"failed","summary":""},{"assertionResults":[{"ancestorTitles":["Booking Component"],"duration":95,"failing":false,"failureDetails":[],"failureMessages":[],"fullName":"Booking Component renders booking summary","invocations":1,"location":null,"numPassingAsserts":3,"retryReasons":[],"startAt":1772691134568,"status":"passed","title":"renders booking summary"},{"ancestorTitles":["Booking Component"],"duration":73,"failing":false,"failureDetails":[],"failureMessages":[],"fullName":"Booking Component calls createBooking and initiatePayment on confirm","invocations":1,"location":null,"numPassingAsserts":3,"retryReasons":[],"startAt":1772691134664,"status":"passed","title":"calls createBooking and initiatePayment on confirm"},{"ancestorTitles":["Booking Component"],"duration":55,"failing":false,"failureDetails":[],"failureMessages":[],"fullName":"Booking Component displays error on booking failure","invocations":1,"location":null,"numPassingAsserts":1,"retryReasons":[],"startAt":1772691134737,"status":"passed","title":"displays error on booking failure"},{"ancestorTitles":["Booking Component"],"duration":21,"failing":false,"failureDetails":[],"failureMessages":[],"fullName":"Booking Component back button triggers onBack","invocations":1,"location":null,"numPassingAsserts":1,"retryReasons":[],"startAt":1772691134793,"status":"passed","title":"back button triggers onBack"},{"ancestorTitles":["Booking Component"],"duration":56,"failing":false,"failureDetails":[],"failureMessages":[],"fullName":"Booking Component payment method selection works","invocations":1,"location":null,"numPassingAsserts":1,"retryReasons":[],"startAt":1772691134814,"status":"passed","title":"payment method selection works"}],"endTime":1772691134872,"message":"","name":"C:\\Users\\User\\Documents\\Developer\\WebApi-Booko\\booko-frontend\\src\\__tests__\\Booking.test.tsx","startTime":1772691133028,"status":"passed","summary":""},{"assertionResults":[{"ancestorTitles":["AdminMovieManagement Component"],"duration":68,"failing":false,"failureDetails":[],"failureMessages":[],"fullName":"AdminMovieManagement Component renders movie list","invocations":1,"location":null,"numPassingAsserts":3,"retryReasons":[],"startAt":1772691134602,"status":"passed","title":"renders movie list"},{"ancestorTitles":["AdminMovieManagement Component"],"duration":300,"failing":false,"failureDetails":[{"name":"TestingLibraryElementError"}],"failureMessages":["TestingLibraryElementError: Unable to find an accessible element with the role \"dialog\"\n\nHere are the accessible roles:\n\n  heading:\n\n  Name \"Movie Management\":\n  \u001b[36m<h2\u001b[39m\n    \u001b[33mclass\u001b[39m=\u001b[32m\"text-2xl font-black m-0 tracking-tight\"\u001b[39m\n  \u001b[36m/>\u001b[39m\n\n  Name \"Add New Movie\":\n  \u001b[36m<h3\u001b[39m\n    \u001b[33mclass\u001b[39m=\u001b[32m\"text-2xl font-black tracking-tight\"\u001b[39m\n  \u001b[36m/>\u001b[39m\n\n  --------------------------------------------------\n  button:\n\n  Name \"+ Add New Movie\":\n  \u001b[36m<button\u001b[39m\n    \u001b[33mclass\u001b[39m=\u001b[32m\"bg-green-500 hover:bg-green-600 text-sm py-2.5 px-6 rounded-xl font-bold cursor-pointer text-white border-none shadow-lg shadow-green-500/20 transition-all active:scale-95\"\u001b[39m\n  \u001b[36m/>\u001b[39m\n\n  Name \"Edit\":\n  \u001b[36m<button\u001b[39m\n    \u001b[33mclass\u001b[39m=\u001b[32m\"bg-white/5 hover:bg-white/10 text-white/70 hover:text-white py-1.5 px-4 rounded-lg text-xs font-bold border border-white/10 transition-colors\"\u001b[39m\n  \u001b[36m/>\u001b[39m\n\n  Name \"Delete\":\n  \u001b[36m<button\u001b[39m\n    \u001b[33mclass\u001b[39m=\u001b[32m\"bg-primary/10 hover:bg-primary/20 text-primary py-1.5 px-4 rounded-lg text-xs font-bold border border-primary/20 transition-colors\"\u001b[39m\n  \u001b[36m/>\u001b[39m\n\n  Name \"Edit\":\n  \u001b[36m<button\u001b[39m\n    \u001b[33mclass\u001b[39m=\u001b[32m\"bg-white/5 hover:bg-white/10 text-white/70 hover:text-white py-1.5 px-4 rounded-lg text-xs font-bold border border-white/10 transition-colors\"\u001b[39m\n  \u001b[36m/>\u001b[39m\n\n  Name \"Delete\":\n  \u001b[36m<button\u001b[39m\n    \u001b[33mclass\u001b[39m=\u001b[32m\"bg-primary/10 hover:bg-primary/20 text-primary py-1.5 px-4 rounded-lg text-xs font-bold border border-primary/20 transition-colors\"\u001b[39m\n  \u001b[36m/>\u001b[39m\n\n  Name \"×\":\n  \u001b[36m<button\u001b[39m\n    \u001b[33mclass\u001b[39m=\u001b[32m\"text-white/40 hover:text-white text-2xl font-light\"\u001b[39m\n  \u001b[36m/>\u001b[39m\n\n  Name \"Cancel\":\n  \u001b[36m<button\u001b[39m\n    \u001b[33mclass\u001b[39m=\u001b[32m\"text-white/60 hover:text-white py-3 px-6 text-sm font-bold transition-colors\"\u001b[39m\n    \u001b[33mtype\u001b[39m=\u001b[32m\"button\"\u001b[39m\n  \u001b[36m/>\u001b[39m\n\n  Name \"Create Movie\":\n  \u001b[36m<button\u001b[39m\n    \u001b[33mclass\u001b[39m=\u001b[32m\"bg-primary hover:bg-primary/90 text-white py-4 px-10 rounded-2xl font-black text-sm shadow-xl shadow-primary/20 transition-all active:scale-95 uppercase tracking-widest\"\u001b[39m\n    \u001b[33mtype\u001b[39m=\u001b[32m\"submit\"\u001b[39m\n  \u001b[36m/>\u001b[39m\n\n  --------------------------------------------------\n  table:\n\n  Name \"\":\n  \u001b[36m<table\u001b[39m\n    \u001b[33mclass\u001b[39m=\u001b[32m\"w-full border-collapse text-left min-w-[600px]\"\u001b[39m\n  \u001b[36m/>\u001b[39m\n\n  --------------------------------------------------\n  rowgroup:\n\n  Name \"\":\n  \u001b[36m<thead />\u001b[39m\n\n  Name \"\":\n  \u001b[36m<tbody\u001b[39m\n    \u001b[33mclass\u001b[39m=\u001b[32m\"divide-y divide-white/5\"\u001b[39m\n  \u001b[36m/>\u001b[39m\n\n  --------------------------------------------------\n  row:\n\n  Name \"Title Genre Duration Language Actions\":\n  \u001b[36m<tr\u001b[39m\n    \u001b[33mclass\u001b[39m=\u001b[32m\"border-b border-white/10\"\u001b[39m\n  \u001b[36m/>\u001b[39m\n\n  Name \"Movie One Action 120 min English Edit Delete\":\n  \u001b[36m<tr\u001b[39m\n    \u001b[33mclass\u001b[39m=\u001b[32m\"hover:bg-white/[0.02] transition-colors group\"\u001b[39m\n  \u001b[36m/>\u001b[39m\n\n  Name \"Movie Two Drama 90 min French Edit Delete\":\n  \u001b[36m<tr\u001b[39m\n    \u001b[33mclass\u001b[39m=\u001b[32m\"hover:bg-white/[0.02] transition-colors group\"\u001b[39m\n  \u001b[36m/>\u001b[39m\n\n  --------------------------------------------------\n  columnheader:\n\n  Name \"Title\":\n  \u001b[36m<th\u001b[39m\n    \u001b[33mclass\u001b[39m=\u001b[32m\"p-4 text-white/40 font-bold text-xs uppercase tracking-widest\"\u001b[39m\n  \u001b[36m/>\u001b[39m\n\n  Name \"Genre\":\n  \u001b[36m<th\u001b[39m\n    \u001b[33mclass\u001b[39m=\u001b[32m\"p-4 text-white/40 font-bold text-xs uppercase tracking-widest\"\u001b[39m\n  \u001b[36m/>\u001b[39m\n\n  Name \"Duration\":\n  \u001b[36m<th\u001b[39m\n    \u001b[33mclass\u001b[39m=\u001b[32m\"p-4 text-white/40 font-bold text-xs uppercase tracking-widest\"\u001b[39m\n  \u001b[36m/>\u001b[39m\n\n  Name \"Language\":\n  \u001b[36m<th\u001b[39m\n    \u001b[33mclass\u001b[39m=\u001b[32m\"p-4 text-white/40 font-bold text-xs uppercase tracking-widest\"\u001b[39m\n  \u001b[36m/>\u001b[39m\n\n  Name \"Actions\":\n  \u001b[36m<th\u001b[39m\n    \u001b[33mclass\u001b[39m=\u001b[32m\"p-4 text-white/40 font-bold text-xs uppercase tracking-widest text-right\"\u001b[39m\n  \u001b[36m/>\u001b[39m\n\n  --------------------------------------------------\n  cell:\n\n  Name \"Movie One\":\n  \u001b[36m<td\u001b[39m\n    \u001b[33mclass\u001b[39m=\u001b[32m\"p-4 text-sm font-semibold\"\u001b[39m\n  \u001b[36m/>\u001b[39m\n\n  Name \"Action\":\n  \u001b[36m<td\u001b[39m\n    \u001b[33mclass\u001b[39m=\u001b[32m\"p-4 text-xs text-white/60\"\u001b[39m\n  \u001b[36m/>\u001b[39m\n\n  Name \"120 min\":\n  \u001b[36m<td\u001b[39m\n    \u001b[33mclass\u001b[39m=\u001b[32m\"p-4 text-xs text-white/60\"\u001b[39m\n  \u001b[36m/>\u001b[39m\n\n  Name \"English\":\n  \u001b[36m<td\u001b[39m\n    \u001b[33mclass\u001b[39m=\u001b[32m\"p-4 text-xs text-white/60\"\u001b[39m\n  \u001b[36m/>\u001b[39m\n\n  Name \"Edit Delete\":\n  \u001b[36m<td\u001b[39m\n    \u001b[33mclass\u001b[39m=\u001b[32m\"p-4 text-right\"\u001b[39m\n  \u001b[36m/>\u001b[39m\n\n  Name \"Movie Two\":\n  \u001b[36m<td\u001b[39m\n    \u001b[33mclass\u001b[39m=\u001b[32m\"p-4 text-sm font-semibold\"\u001b[39m\n  \u001b[36m/>\u001b[39m\n\n  Name \"Drama\":\n  \u001b[36m<td\u001b[39m\n    \u001b[33mclass\u001b[39m=\u001b[32m\"p-4 text-xs text-white/60\"\u001b[39m\n  \u001b[36m/>\u001b[39m\n\n  Name \"90 min\":\n  \u001b[36m<td\u001b[39m\n    \u001b[33mclass\u001b[39m=\u001b[32m\"p-4 text-xs text-white/60\"\u001b[39m\n  \u001b[36m/>\u001b[39m\n\n  Name \"French\":\n  \u001b[36m<td\u001b[39m\n    \u001b[33mclass\u001b[39m=\u001b[32m\"p-4 text-xs text-white/60\"\u001b[39m\n  \u001b[36m/>\u001b[39m\n\n  Name \"Edit Delete\":\n  \u001b[36m<td\u001b[39m\n    \u001b[33mclass\u001b[39m=\u001b[32m\"p-4 text-right\"\u001b[39m\n  \u001b[36m/>\u001b[39m\n\n  --------------------------------------------------\n  textbox:\n\n  Name \"\":\n  \u001b[36m<input\u001b[39m\n    \u001b[33mclass\u001b[39m=\u001b[32m\"bg-white/5 border border-white/10 rounded-2xl p-4 text-white text-sm focus:border-primary/50 focus:outline-none transition-colors\"\u001b[39m\n    \u001b[33mname\u001b[39m=\u001b[32m\"title\"\u001b[39m\n    \u001b[33mrequired\u001b[39m=\u001b[32m\"\"\u001b[39m\n    \u001b[33mvalue\u001b[39m=\u001b[32m\"\"\u001b[39m\n  \u001b[36m/>\u001b[39m\n\n  Name \"\":\n  \u001b[36m<textarea\u001b[39m\n    \u001b[33mclass\u001b[39m=\u001b[32m\"bg-white/5 border border-white/10 rounded-2xl p-4 text-white text-sm min-h-[120px] resize-vertical focus:border-primary/50 focus:outline-none transition-colors\"\u001b[39m\n    \u001b[33mname\u001b[39m=\u001b[32m\"description\"\u001b[39m\n    \u001b[33mrequired\u001b[39m=\u001b[32m\"\"\u001b[39m\n  \u001b[36m/>\u001b[39m\n\n  Name \"\":\n  \u001b[36m<input\u001b[39m\n    \u001b[33mclass\u001b[39m=\u001b[32m\"bg-white/5 border border-white/10 rounded-2xl p-4 text-white text-sm focus:border-primary/50 focus:outline-none transition-colors\"\u001b[39m\n    \u001b[33mname\u001b[39m=\u001b[32m\"genre\"\u001b[39m\n    \u001b[33mrequired\u001b[39m=\u001b[32m\"\"\u001b[39m\n    \u001b[33mvalue\u001b[39m=\u001b[32m\"\"\u001b[39m\n  \u001b[36m/>\u001b[39m\n\n  Name \"\":\n  \u001b[36m<input\u001b[39m\n    \u001b[33mclass\u001b[39m=\u001b[32m\"bg-white/5 border border-white/10 rounded-2xl p-4 text-white text-sm focus:border-primary/50 focus:outline-none transition-colors\"\u001b[39m\n    \u001b[33mname\u001b[39m=\u001b[32m\"language\"\u001b[39m\n    \u001b[33mrequired\u001b[39m=\u001b[32m\"\"\u001b[39m\n    \u001b[33mvalue\u001b[39m=\u001b[32m\"\"\u001b[39m\n  \u001b[36m/>\u001b[39m\n\n  --------------------------------------------------\n  spinbutton:\n\n  Name \"\":\n  \u001b[36m<input\u001b[39m\n    \u001b[33mclass\u001b[39m=\u001b[32m\"bg-white/5 border border-white/10 rounded-2xl p-4 text-white text-sm focus:border-primary/50 focus:outline-none transition-colors\"\u001b[39m\n    \u001b[33mname\u001b[39m=\u001b[32m\"duration\"\u001b[39m\n    \u001b[33mrequired\u001b[39m=\u001b[32m\"\"\u001b[39m\n    \u001b[33mtype\u001b[39m=\u001b[32m\"number\"\u001b[39m\n    \u001b[33mvalue\u001b[39m=\u001b[32m\"0\"\u001b[39m\n  \u001b[36m/>\u001b[39m\n\n  --------------------------------------------------\n\nIgnored nodes: comments, script, style\n\u001b[36m<body>\u001b[39m\n  \u001b[36m<div>\u001b[39m\n    \u001b[36m<section\u001b[39m\n      \u001b[33mclass\u001b[39m=\u001b[32m\"mt-10 bg-white/5 rounded-3xl p-6 md:p-8 border border-white/5 shadow-inner\"\u001b[39m\n    \u001b[36m>\u001b[39m\n      \u001b[36m<div\u001b[39m\n        \u001b[33mclass\u001b[39m=\u001b[32m\"flex flex-col sm:flex-row justify-between items-start sm:items-center gap-4 mb-8\"\u001b[39m\n      \u001b[36m>\u001b[39m\n        \u001b[36m<h2\u001b[39m\n          \u001b[33mclass\u001b[39m=\u001b[32m\"text-2xl font-black m-0 tracking-tight\"\u001b[39m\n        \u001b[36m>\u001b[39m\n          \u001b[0mMovie Management\u001b[0m\n        \u001b[36m</h2>\u001b[39m\n        \u001b[36m<button\u001b[39m\n          \u001b[33mclass\u001b[39m=\u001b[32m\"bg-green-500 hover:bg-green-600 text-sm py-2.5 px-6 rounded-xl font-bold cursor-pointer text-white border-none shadow-lg shadow-green-500/20 transition-all active:scale-95\"\u001b[39m\n        \u001b[36m>\u001b[39m\n          \u001b[0m+ Add New Movie\u001b[0m\n        \u001b[36m</button>\u001b[39m\n      \u001b[36m</div>\u001b[39m\n      \u001b[36m<div\u001b[39m\n        \u001b[33mclass\u001b[39m=\u001b[32m\"overflow-x-auto -mx-6 md:mx-0\"\u001b[39m\n      \u001b[36m>\u001b[39m\n        \u001b[36m<table\u001b[39m\n          \u001b[33mclass\u001b[39m=\u001b[32m\"w-full border-collapse text-left min-w-[600px]\"\u001b[39m\n        \u001b[36m>\u001b[39m\n          \u001b[36m<thead>\u001b[39m\n            \u001b[36m<tr\u001b[39m\n              \u001b[33mclass\u001b[39m=\u001b[32m\"border-b border-white/10\"\u001b[39m\n            \u001b[36m>\u001b[39m\n              \u001b[36m<th\u001b[39m\n                \u001b[33mclass\u001b[39m=\u001b[32m\"p-4 text-white/40 font-bold text-xs uppercase tracking-widest\"\u001b[39m\n              \u001b[36m>\u001b[39m\n                \u001b[0mTitle\u001b[0m\n              \u001b[36m</th>\u001b[39m\n              \u001b[36m<th\u001b[39m\n                \u001b[33mclass\u001b[39m=\u001b[32m\"p-4 text-white/40 font-bold text-xs uppercase tracking-widest\"\u001b[39m\n              \u001b[36m>\u001b[39m\n                \u001b[0mGenre\u001b[0m\n              \u001b[36m</th>\u001b[39m\n              \u001b[36m<th\u001b[39m\n                \u001b[33mclass\u001b[39m=\u001b[32m\"p-4 text-white/40 font-bold text-xs uppercase tracking-widest\"\u001b[39m\n              \u001b[36m>\u001b[39m\n                \u001b[0mDuration\u001b[0m\n              \u001b[36m</th>\u001b[39m\n              \u001b[36m<th\u001b[39m\n                \u001b[33mclass\u001b[39m=\u001b[32m\"p-4 text-white/40 font-bold text-xs uppercase tracking-widest\"\u001b[39m\n              \u001b[36m>\u001b[39m\n                \u001b[0mLanguage\u001b[0m\n              \u001b[36m</th>\u001b[39m\n              \u001b[36m<th\u001b[39m\n                \u001b[33mclass\u001b[39m=\u001b[32m\"p-4 text-white/40 font-bold text-xs uppercase tracking-widest text-right\"\u001b[39m\n              \u001b[36m>\u001b[39m\n                \u001b[0mActions\u001b[0m\n              \u001b[36m</th>\u001b[39m\n            \u001b[36m</tr>\u001b[39m\n          \u001b[36m</thead>\u001b[39m\n          \u001b[36m<tbody\u001b[39m\n            \u001b[33mclass\u001b[39m=\u001b[32m\"divide-y divide-white/5\"\u001b[39m\n          \u001b[36m>\u001b[39m\n            \u001b[36m<tr\u001b[39m\n              \u001b[33mclass\u001b[39m=\u001b[32m\"hover:bg-white/[0.02] transition-colors group\"\u001b[39m\n            \u001b[36m>\u001b[39m\n              \u001b[36m<td\u001b[39m\n                \u001b[33mclass\u001b[39m=\u001b[32m\"p-4 text-sm font-semibold\"\u001b[39m\n              \u001b[36m>\u001b[39m\n                \u001b[0mMovie One\u001b[0m\n              \u001b[36m</td>\u001b[39m\n              \u001b[36m<td\u001b[39m\n                \u001b[33mclass\u001b[39m=\u001b[32m\"p-4 text-xs text-white/60\"\u001b[39m\n              \u001b[36m>\u001b[39m\n                \u001b[0mAction\u001b[0m\n              \u001b[36m</td>\u001b[39m\n              \u001b[36m<td\u001b[39m\n                \u001b[33mclass\u001b[39m=\u001b[32m\"p-4 text-xs text-white/60\"\u001b[39m\n              \u001b[36m>\u001b[39m\n                \u001b[0m120\u001b[0m\n                \u001b[0m min\u001b[0m\n              \u001b[36m</td>\u001b[39m\n              \u001b[36m<td\u001b[39m\n                \u001b[33mclass\u001b[39m=\u001b[32m\"p-4 text-xs text-white/60\"\u001b[39m\n              \u001b[36m>\u001b[39m\n                \u001b[0mEnglish\u001b[0m\n              \u001b[36m</td>\u001b[39m\n              \u001b[36m<td\u001b[39m\n                \u001b[33mclass\u001b[39m=\u001b[32m\"p-4 text-right\"\u001b[39m\n              \u001b[36m>\u001b[39m\n                \u001b[36m<div\u001b[39m\n                  \u001b[33mclass\u001b[39m=\u001b[32m\"flex justify-end gap-2 group-hover:translate-x-0 transition-transform\"\u001b[39m\n                \u001b[36m>\u001b[39m\n                  \u001b[36m<button\u001b[39m\n                    \u001b[33mclass\u001b[39m=\u001b[32m\"bg-white/5 hover:bg-white/10 text-white/70 hover:text-white py-1.5 px-4 rounded-lg text-xs font-bold border border-white/10 transition-colors\"\u001b[39m\n                  \u001b[36m>\u001b[39m\n                    \u001b[0mEdit\u001b[0m\n                  \u001b[36m</button>\u001b[39m\n                  \u001b[36m<button\u001b[39m\n                    \u001b[33mclass\u001b[39m=\u001b[32m\"bg-primary/10 hover:bg-primary/20 text-primary py-1.5 px-4 rounded-lg text-xs font-bold border border-primary/20 transition-colors\"\u001b[39m\n                  \u001b[36m>\u001b[39m\n                    \u001b[0mDelete\u001b[0m\n                  \u001b[36m</button>\u001b[39m\n                \u001b[36m</div>\u001b[39m\n              \u001b[36m</td>\u001b[39m\n            \u001b[36m</tr>\u001b[39m\n            \u001b[36m<tr\u001b[39m\n              \u001b[33mclass\u001b[39m=\u001b[32m\"hover:bg-white/[0.02] transition-colors group\"\u001b[39m\n            \u001b[36m>\u001b[39m\n              \u001b[36m<td\u001b[39m\n                \u001b[33mclass\u001b[39m=\u001b[32m\"p-4 text-sm font-semibold\"\u001b[39m\n              \u001b[36m>\u001b[39m\n                \u001b[0mMovie Two\u001b[0m\n              \u001b[36m</td>\u001b[39m\n              \u001b[36m<td\u001b[39m\n                \u001b[33mclass\u001b[39m=\u001b[32m\"p-4 text-xs text-white/60\"\u001b[39m\n              \u001b[36m>\u001b[39m\n                \u001b[0mDrama\u001b[0m\n              \u001b[36m</td>\u001b[39m\n              \u001b[36m<td\u001b[39m\n                \u001b[33mclass\u001b[39m=\u001b[32m\"p-4 text-xs text-white/60\"\u001b[39m\n              \u001b[36m>\u001b[39m\n                \u001b[0m90\u001b[0m\n                \u001b[0m min\u001b[0m\n              \u001b[36m</td>\u001b[39m\n              \u001b[36m<td\u001b[39m\n                \u001b[33mclass\u001b[39m=\u001b[32m\"p-4 text-xs text-white/60\"\u001b[39m\n              \u001b[36m>\u001b[39m\n                \u001b[0mFrench\u001b[0m\n              \u001b[36m</td>\u001b[39m\n              \u001b[36m<td\u001b[39m\n                \u001b[33mclass\u001b[39m=\u001b[32m\"p-4 text-right\"\u001b[39m\n              \u001b[36m>\u001b[39m\n                \u001b[36m<div\u001b[39m\n                  \u001b[33mclass\u001b[39m=\u001b[32m\"flex justify-end gap-2 group-hover:translate-x-0 transition-transform\"\u001b[39m\n                \u001b[36m>\u001b[39m\n                  \u001b[36m<button\u001b[39m\n                    \u001b[33mclass\u001b[39m=\u001b[32m\"bg-white/5 hover:bg-white/10 text-white/70 hover:text-white py-1.5 px-4 rounded-lg text-xs font-bold border border-white/10 transition-colors\"\u001b[39m\n                  \u001b[36m>\u001b[39m\n                    \u001b[0mEdit\u001b[0m\n                  \u001b[36m</button>\u001b[39m\n                  \u001b[36m<button\u001b[39m\n                    \u001b[33mclass\u001b[39m=\u001b[32m\"bg-primary/10 hover:bg-primary/20 text-primary py-1.5 px-4 rounded-lg text-xs font-bold border border-primary/20 transition-colors\"\u001b[39m\n                  \u001b[36m>\u001b[39m\n                    \u001b[0mDelete\u001b[0m\n                  \u001b[36m</button>\u001b[39m\n                \u001b[36m</div>\u001b[39m\n              \u001b[36m</td>\u001b[39m\n            \u001b[36m</tr>\u001b[39m\n          \u001b[36m</tbody>\u001b[39m\n        \u001b[36m</table>\u001b[39m\n      \u001b[36m</div>\u001b[39m\n      \u001b[36m<div\u001b[39m\n        \u001b[33mclass\u001b[39m=\u001b[32m\"fixed inset-0 bg-black/80 backdrop-blur-md flex justify-center items-center z-[1000] p-5 animate-in fade-in duration-300\"\u001b[39m\n      \u001b[36m>\u001b[39m\n        \u001b[36m<div\u001b[39m\n          \u001b[33mclass\u001b[39m=\u001b[32m\"bg-[#0a0a0a] border border-white/10 rounded-[32px] p-8 md:p-10 w-full max-w-2xl max-h-[90vh] overflow-y-auto shadow-2xl animate-in zoom-in-95 duration-300\"\u001b[39m\n        \u001b[36m>\u001b[39m\n          \u001b[36m<div\u001b[39m\n            \u001b[33mclass\u001b[39m=\u001b[32m\"flex justify-between items-center mb-8\"\u001b[39m\n          \u001b[36m>\u001b[39m\n            \u001b[36m<h3\u001b[39m\n              \u001b[33mclass\u001b[39m=\u001b[32m\"text-2xl font-black tracking-tight\"\u001b[39m\n            \u001b[36m>\u001b[39m\n              \u001b[0mAdd New Movie\u001b[0m\n            \u001b[36m</h3>\u001b[39m\n            \u001b[36m<button\u001b[39m\n              \u001b[33mclass\u001b[39m=\u001b[32m\"text-white/40 hover:text-white text-2xl font-light\"\u001b[39m\n            \u001b[36m>\u001b[39m\n              \u001b[0m×\u001b[0m\n            \u001b[36m</button>\u001b[39m\n          \u001b[36m</div>\u001b[39m\n          \u001b[36m<form\u001b[39m\n            \u001b[33mclass\u001b[39m=\u001b[32m\"flex flex-col gap-6\"\u001b[39m\n          \u001b[36m>\u001b[39m\n            \u001b[36m<div\u001b[39m\n              \u001b[33mclass\u001b[39m=\u001b[32m\"grid gap-2\"\u001b[39m\n            \u001b[36m>\u001b[39m\n              \u001b[36m<label\u001b[39m\n                \u001b[33mclass\u001b[39m=\u001b[32m\"text-[10px] uppercase font-bold text-white/40 tracking-widest ml-1\"\u001b[39m\n              \u001b[36m>\u001b[39m\n                \u001b[0mTitle\u001b[0m\n              \u001b[36m</label>\u001b[39m\n              \u001b[36m<input\u001b[39m\n                \u001b[33mclass\u001b[39m=\u001b[32m\"bg-white/5 border border-white/10 rounded-2xl p-4 text-white text-sm focus:border-primary/50 focus:outline-none transition-colors\"\u001b[39m\n                \u001b[33mname\u001b[39m=\u001b[32m\"title\"\u001b[39m\n                \u001b[33mrequired\u001b[39m=\u001b[32m\"\"\u001b[39m\n                \u001b[33mvalue\u001b[39m=\u001b[32m\"\"\u001b[39m\n              \u001b[36m/>\u001b[39m\n            \u001b[36m</div>\u001b[39m\n            \u001b[36m<div\u001b[39m\n              \u001b[33mclass\u001b[39m=\u001b[32m\"grid gap-2\"\u001b[39m\n            \u001b[36m>\u001b[39m\n              \u001b[36m<label\u001b[39m\n                \u001b[33mclass\u001b[39m=\u001b[32m\"text-[10px] uppercase font-bold text-white/40 tracking-widest ml-1\"\u001b[39m\n              \u001b[36m>\u001b[39m\n                \u001b[0mDescription\u001b[0m\n              \u001b[36m</label>\u001b[39m\n              \u001b[36m<textarea\u001b[39m\n                \u001b[33mclass\u001b[39m=\u001b[32m\"bg-white/5 border border-white/10 rounded-2xl p-4 text-white text-sm min-h-[120px] resize-vertical focus:border-primary/50 focus:outline-none transition-colors\"\u001b[39m\n                \u001b[33mname\u001b[39m=\u001b[32m\"description\"\u001b[39m\n                \u001b[33mrequired\u001b[39m=\u001b[32m\"\"\u001b[39m\n              \u001b[36m/>\u001b[39m\n            \u001b[36m</div>\u001b[39m\n            \u001b[36m<div\u001b[39m\n              \u001b[33mclass\u001b[39m=\u001b[32m\"grid grid-cols-1 md:grid-cols-2 gap-6\"\u001b[39m\n            \u001b[36m>\u001b[39m\n              \u001b[36m<div\u001b[39m\n                \u001b[33mclass\u001b[39m=\u001b[32m\"grid gap-2\"\u001b[39m\n              \u001b[36m>\u001b[39m\n                \u001b[36m<label\u001b[39m\n                  \u001b[33mclass\u001b[39m=\u001b[32m\"text-[10px] uppercase font-bold text-white/40 tracking-widest ml-1\"\u001b[39m\n                \u001b[36m>\u001b[39m\n                  \u001b[0mGenre (comma separated)\u001b[0m\n                \u001b[36m</label>\u001b[39m\n                \u001b[36m<input\u001b[39m\n                  \u001b[33mclass\u001b[39m=\u001b[32m\"bg-white/5 border border-white/10 rounded-2xl p-4 text-white text-sm focus:border-primary/50 focus:outline-none transition-colors\"\u001b[39m\n                  \u001b[33mname\u001b[39m=\u001b[32m\"genre\"\u001b[39m\n                  \u001b[33mrequired\u001b[39m=\u001b[32m\"\"\u001b[39m\n                  \u001b[33mvalue\u001b[39m=\u001b[32m\"\"\u001b[39m\n                \u001b[36m/>\u001b[39m\n              \u001b[36m</div>\u001b[39m\n              \u001b[36m<div\u001b[39m\n                \u001b[33mclass\u001b[39m=\u001b[32m\"grid gap-2\"\u001b[39m\n              \u001b[36m>\u001b[39m\n                \u001b[36m<label\u001b[39m\n                  \u001b[33mclass\u001b[39m=\u001b[32m\"text-[10px] uppercase font-bold text-white/40 tracking-widest ml-1\"\u001b[39m\n                \u001b[36m>\u001b[39m\n                  \u001b[0mDuration (mins)\u001b[0m\n                \u001b[36m</label>\u001b[39m\n                \u001b[36m<input\u001b[39m\n                  \u001b[33mclass\u001b[39m=\u001b[32m\"bg-white/5 border border-white/10 rounded-2xl p-4 text-white text-sm focus:border-primary/50 focus:outline-none transition-colors\"\u001b[39m\n                  \u001b[33mname\u001b[39m=\u001b[32m\"duration\"\u001b[39m\n                  \u001b[33mrequired\u001b[39m=\u001b[32m\"\"\u001b[39m\n                  \u001b[33mtype\u001b[39m=\u001b[32m\"number\"\u001b[39m\n                  \u001b[33mvalue\u001b[39m=\u001b[32m\"0\"\u001b[39m\n                \u001b[36m/>\u001b[39m\n              \u001b[36m</div>\u001b[39m\n            \u001b[36m</div>\u001b[39m\n            \u001b[36m<div\u001b[39m\n              \u001b[33mclass\u001b[39m=\u001b[32m\"grid grid-cols-1 md:grid-cols-2 gap-6\"\u001b[39m\n            \u001b[36m>\u001b[39m\n              \u001b[36m<div\u001b[39m\n                \u001b[33mclass\u001b[39m=\u001b[32m\"grid gap-2\"\u001b[39m\n              \u001b[36m>\u001b[39m\n                \u001b[36m<label\u001b[39m\n                  \u001b[33mclass\u001b[39m=\u001b[32m\"text-[10px] uppercase font-bold text-white/40 tracking-widest ml-1\"\u001b[39m\n                \u001b[36m>\u001b[39m\n                  \u001b[0mLanguage\u001b[0m\n                \u001b[36m</label>\u001b[39m\n                \u001b[36m<input\u001b[39m\n                  \u001b[33mclass\u001b[39m=\u001b[32m\"bg-white/5 border border-white/10 rounded-2xl p-4 text-white text-sm focus:border-primary/50 focus:outline-none transition-colors\"\u001b[39m\n                  \u001b[33mname\u001b[39m=\u001b[32m\"language\"\u001b[39m\n                  \u001b[33mrequired\u001b[39m=\u001b[32m\"\"\u001b[39m\n                  \u001b[33mvalue\u001b[39m=\u001b[32m\"\"\u001b[39m\n                \u001b[36m/>\u001b[39m\n              \u001b[36m</div>\u001b[39m\n              \u001b[36m<div\u001b[39m\n                \u001b[33mclass\u001b[39m=\u001b[32m\"grid gap-2\"\u001b[39m\n              \u001b[36m>\u001b[39m\n                \u001b[36m<label\u001b[39m\n                  \u001b[33mclass\u001b[39m=\u001b[32m\"text-[10px] uppercase font-bold text-white/40 tracking-widest ml-1\"\u001b[39m\n                \u001b[36m>\u001b[39m\n                  \u001b[0mRelease Date\u001b[0m\n                \u001b[36m</label>\u001b[39m\n                \u001b[36m<input\u001b[39m\n                  \u001b[33mclass\u001b[39m=\u001b[32m\"bg-white/5 border border-white/10 rounded-2xl p-4 text-white text-sm focus:border-primary/50 focus:outline-none transition-colors\"\u001b[39m\n                  \u001b[33mname\u001b[39m=\u001b[32m\"releaseDate\"\u001b[39m\n                  \u001b[33mrequired\u001b[39m=\u001b[32m\"\"\u001b[39m\n                  \u001b[33mtype\u001b[39m=\u001b[32m\"date\"\u001b[39m\n                  \u001b[33mvalue\u001b[39m=\u001b[32m\"\"\u001b[39m\n                \u001b[36m/>\u001b[39m\n              \u001b[36m</div>\u001b[39m\n            \u001b[36m</div>\u001b[39m\n            \u001b[36m<div\u001b[39m\n              \u001b[33mclass\u001b[39m=\u001b[32m\"grid gap-4\"\u001b[39m\n            \u001b[36m>\u001b[39m\n              \u001b[36m<label\u001b[39m\n                \u001b[33mclass\u001b[39m=\u001b[32m\"text-[10px] uppercase font-bold text-white/40 tracking-widest ml-1\"\u001b[39m\n              \u001b[36m>\u001b[39m\n                \u001b[0mPoster FIle\u001b[0m\n              \u001b[36m</label>\u001b[39m\n              \u001b[36m<div\u001b[39m\n                \u001b[33mclass\u001b[39m=\u001b[32m\"flex flex-col md:flex-row gap-6 items-start\"\u001b[39m\n              \u001b[36m>\u001b[39m\n                \u001b[36m<div\u001b[39m\n                  \u001b[33mclass\u001b[39m=\u001b[32m\"w-full md:w-32 aspect-[2/3] bg-white/5 rounded-2xl overflow-hidden border border-white/10 flex-shrink-0\"\u001b[39m\n                \u001b[36m>\u001b[39m\n                  \u001b[36m<div\u001b[39m\n                    \u001b[33mclass\u001b[39m=\u001b[32m\"w-full h-full flex items-center justify-center text-[10px] font-black uppercase text-white/20 text-center p-4\"\u001b[39m\n                  \u001b[36m>\u001b[39m\n                    \u001b[0mNo Preview\u001b[0m\n                  \u001b[36m</div>\u001b[39m\n                \u001b[36m</div>\u001b[39m\n                \u001b[36m<div\u001b[39m\n                  \u001b[33mclass\u001b[39m=\u001b[32m\"flex-1 w-full\"\u001b[39m\n                \u001b[36m>\u001b[39m\n                  \u001b[36m<input\u001b[39m\n                    \u001b[33maccept\u001b[39m=\u001b[32m\"image/*\"\u001b[39m\n                    \u001b[33mclass\u001b[39m=\u001b[32m\"w-full bg-white/5 border border-white/10 rounded-2xl p-4 text-white text-sm focus:border-primary/50 focus:outline-none transition-colors file:bg-primary file:border-none file:rounded-lg file:text-white file:text-[10px] file:font-black file:uppercase file:px-4 file:py-2 file:mr-4 file:cursor-pointer hover:file:bg-primary/90\"\u001b[39m\n                    \u001b[33mname\u001b[39m=\u001b[32m\"posterImage\"\u001b[39m\n                    \u001b[33mtype\u001b[39m=\u001b[32m\"file\"\u001b[39m\n                  \u001b[36m/>\u001b[39m\n                \u001b[36m</div>\u001b[39m\n              \u001b[36m</div>\u001b[39m\n            \u001b[36m</div>\u001b[39m\n            \u001b[36m<div\u001b[39m\n              \u001b[33mclass\u001b[39m=\u001b[32m\"flex justify-end gap-4 mt-4 pt-10 border-t border-white/5\"\u001b[39m\n            \u001b[36m>\u001b[39m\n              \u001b[36m<button\u001b[39m\n                \u001b[33mclass\u001b[39m=\u001b[32m\"text-white/60 hover:text-white py-3 px-6 text-sm font-bold transition-colors\"\u001b[39m\n                \u001b[33mtype\u001b[39m=\u001b[32m\"button\"\u001b[39m\n              \u001b[36m>\u001b[39m\n                \u001b[0mCancel\u001b[0m\n              \u001b[36m</button>\u001b[39m\n              \u001b[36m<button\u001b[39m\n                \u001b[33mclass\u001b[39m=\u001b[32m\"bg-primary hover:bg-primary/90 text-white py-4 px-10 rounded-2xl font-black text-sm shadow-xl shadow-primary/20 transition-all active:scale-95 uppercase tracking-widest\"\u001b[39m\n                \u001b[33mtype\u001b[39m=\u001b[32m\"submit\"\u001b[39m\n              \u001b[36m>\u001b[39m\n                \u001b[0mCreate Movie\u001b[0m\n              \u001b[36m</button>\u001b[39m\n            \u001b[36m</div>\u001b[39m\n          \u001b[36m</form>\u001b[39m\n        \u001b[36m</div>\u001b[39m\n      \u001b[36m</div>\u001b[39m\n    \u001b[36m</section>\u001b[39m\n  \u001b[36m</div>\u001b[39m\n\u001b[36m</body>\u001b[39m\n    at Object.getElementError (C:\\Users\\User\\Documents\\Developer\\WebApi-Booko\\booko-frontend\\node_modules\\@testing-library\\dom\\dist\\config.js:37:19)\n    at C:\\Users\\User\\Documents\\Developer\\WebApi-Booko\\booko-frontend\\node_modules\\@testing-library\\dom\\dist\\query-helpers.js:76:38\n    at C:\\Users\\User\\Documents\\Developer\\WebApi-Booko\\booko-frontend\\node_modules\\@testing-library\\dom\\dist\\query-helpers.js:52:17\n    at C:\\Users\\User\\Documents\\Developer\\WebApi-Booko\\booko-frontend\\node_modules\\@testing-library\\dom\\dist\\query-helpers.js:95:19\n    at Object.getByRole (C:\\Users\\User\\Documents\\Developer\\WebApi-Booko\\booko-frontend\\src\\__tests__\\AdminMovieManagement.test.tsx:29:23)"],"fullName":"AdminMovieManagement Component opens add movie modal","invocations":1,"location":null,"numPassingAsserts":0,"retryReasons":[],"startAt":1772691134671,"status":"failed","title":"opens add movie modal"},{"ancestorTitles":["AdminMovieManagement Component"],"duration":164,"failing":false,"failureDetails":[{"name":"TestingLibraryElementError"}],"failureMessages":["TestingLibraryElementError: Unable to find an accessible element with the role \"dialog\"\n\nHere are the accessible roles:\n\n  heading:\n\n  Name \"Movie Management\":\n  \u001b[36m<h2\u001b[39m\n    \u001b[33mclass\u001b[39m=\u001b[32m\"text-2xl font-black m-0 tracking-tight\"\u001b[39m\n  \u001b[36m/>\u001b[39m\n\n  Name \"Edit Movie\":\n  \u001b[36m<h3\u001b[39m\n    \u001b[33mclass\u001b[39m=\u001b[32m\"text-2xl font-black tracking-tight\"\u001b[39m\n  \u001b[36m/>\u001b[39m\n\n  --------------------------------------------------\n  button:\n\n  Name \"+ Add New Movie\":\n  \u001b[36m<button\u001b[39m\n    \u001b[33mclass\u001b[39m=\u001b[32m\"bg-green-500 hover:bg-green-600 text-sm py-2.5 px-6 rounded-xl font-bold cursor-pointer text-white border-none shadow-lg shadow-green-500/20 transition-all active:scale-95\"\u001b[39m\n  \u001b[36m/>\u001b[39m\n\n  Name \"Edit\":\n  \u001b[36m<button\u001b[39m\n    \u001b[33mclass\u001b[39m=\u001b[32m\"bg-white/5 hover:bg-white/10 text-white/70 hover:text-white py-1.5 px-4 rounded-lg text-xs font-bold border border-white/10 transition-colors\"\u001b[39m\n  \u001b[36m/>\u001b[39m\n\n  Name \"Delete\":\n  \u001b[36m<button\u001b[39m\n    \u001b[33mclass\u001b[39m=\u001b[32m\"bg-primary/10 hover:bg-primary/20 text-primary py-1.5 px-4 rounded-lg text-xs font-bold border border-primary/20 transition-colors\"\u001b[39m\n  \u001b[36m/>\u001b[39m\n\n  Name \"Edit\":\n  \u001b[36m<button\u001b[39m\n    \u001b[33mclass\u001b[39m=\u001b[32m\"bg-white/5 hover:bg-white/10 text-white/70 hover:text-white py-1.5 px-4 rounded-lg text-xs font-bold border border-white/10 transition-colors\"\u001b[39m\n  \u001b[36m/>\u001b[39m\n\n  Name \"Delete\":\n  \u001b[36m<button\u001b[39m\n    \u001b[33mclass\u001b[39m=\u001b[32m\"bg-primary/10 hover:bg-primary/20 text-primary py-1.5 px-4 rounded-lg text-xs font-bold border border-primary/20 transition-colors\"\u001b[39m\n  \u001b[36m/>\u001b[39m\n\n  Name \"×\":\n  \u001b[36m<button\u001b[39m\n    \u001b[33mclass\u001b[39m=\u001b[32m\"text-white/40 hover:text-white text-2xl font-light\"\u001b[39m\n  \u001b[36m/>\u001b[39m\n\n  Name \"Cancel\":\n  \u001b[36m<button\u001b[39m\n    \u001b[33mclass\u001b[39m=\u001b[32m\"text-white/60 hover:text-white py-3 px-6 text-sm font-bold transition-colors\"\u001b[39m\n    \u001b[33mtype\u001b[39m=\u001b[32m\"button\"\u001b[39m\n  \u001b[36m/>\u001b[39m\n\n  Name \"Update Movie\":\n  \u001b[36m<button\u001b[39m\n    \u001b[33mclass\u001b[39m=\u001b[32m\"bg-primary hover:bg-primary/90 text-white py-4 px-10 rounded-2xl font-black text-sm shadow-xl shadow-primary/20 transition-all active:scale-95 uppercase tracking-widest\"\u001b[39m\n    \u001b[33mtype\u001b[39m=\u001b[32m\"submit\"\u001b[39m\n  \u001b[36m/>\u001b[39m\n\n  --------------------------------------------------\n  table:\n\n  Name \"\":\n  \u001b[36m<table\u001b[39m\n    \u001b[33mclass\u001b[39m=\u001b[32m\"w-full border-collapse text-left min-w-[600px]\"\u001b[39m\n  \u001b[36m/>\u001b[39m\n\n  --------------------------------------------------\n  rowgroup:\n\n  Name \"\":\n  \u001b[36m<thead />\u001b[39m\n\n  Name \"\":\n  \u001b[36m<tbody\u001b[39m\n    \u001b[33mclass\u001b[39m=\u001b[32m\"divide-y divide-white/5\"\u001b[39m\n  \u001b[36m/>\u001b[39m\n\n  --------------------------------------------------\n  row:\n\n  Name \"Title Genre Duration Language Actions\":\n  \u001b[36m<tr\u001b[39m\n    \u001b[33mclass\u001b[39m=\u001b[32m\"border-b border-white/10\"\u001b[39m\n  \u001b[36m/>\u001b[39m\n\n  Name \"Movie One Action 120 min English Edit Delete\":\n  \u001b[36m<tr\u001b[39m\n    \u001b[33mclass\u001b[39m=\u001b[32m\"hover:bg-white/[0.02] transition-colors group\"\u001b[39m\n  \u001b[36m/>\u001b[39m\n\n  Name \"Movie Two Drama 90 min French Edit Delete\":\n  \u001b[36m<tr\u001b[39m\n    \u001b[33mclass\u001b[39m=\u001b[32m\"hover:bg-white/[0.02] transition-colors group\"\u001b[39m\n  \u001b[36m/>\u001b[39m\n\n  --------------------------------------------------\n  columnheader:\n\n  Name \"Title\":\n  \u001b[36m<th\u001b[39m\n    \u001b[33mclass\u001b[39m=\u001b[32m\"p-4 text-white/40 font-bold text-xs uppercase tracking-widest\"\u001b[39m\n  \u001b[36m/>\u001b[39m\n\n  Name \"Genre\":\n  \u001b[36m<th\u001b[39m\n    \u001b[33mclass\u001b[39m=\u001b[32m\"p-4 text-white/40 font-bold text-xs uppercase tracking-widest\"\u001b[39m\n  \u001b[36m/>\u001b[39m\n\n  Name \"Duration\":\n  \u001b[36m<th\u001b[39m\n    \u001b[33mclass\u001b[39m=\u001b[32m\"p-4 text-white/40 font-bold text-xs uppercase tracking-widest\"\u001b[39m\n  \u001b[36m/>\u001b[39m\n\n  Name \"Language\":\n  \u001b[36m<th\u001b[39m\n    \u001b[33mclass\u001b[39m=\u001b[32m\"p-4 text-white/40 font-bold text-xs uppercase tracking-widest\"\u001b[39m\n  \u001b[36m/>\u001b[39m\n\n  Name \"Actions\":\n  \u001b[36m<th\u001b[39m\n    \u001b[33mclass\u001b[39m=\u001b[32m\"p-4 text-white/40 font-bold text-xs uppercase tracking-widest text-right\"\u001b[39m\n  \u001b[36m/>\u001b[39m\n\n  --------------------------------------------------\n  cell:\n\n  Name \"Movie One\":\n  \u001b[36m<td\u001b[39m\n    \u001b[33mclass\u001b[39m=\u001b[32m\"p-4 text-sm font-semibold\"\u001b[39m\n  \u001b[36m/>\u001b[39m\n\n  Name \"Action\":\n  \u001b[36m<td\u001b[39m\n    \u001b[33mclass\u001b[39m=\u001b[32m\"p-4 text-xs text-white/60\"\u001b[39m\n  \u001b[36m/>\u001b[39m\n\n  Name \"120 min\":\n  \u001b[36m<td\u001b[39m\n    \u001b[33mclass\u001b[39m=\u001b[32m\"p-4 text-xs text-white/60\"\u001b[39m\n  \u001b[36m/>\u001b[39m\n\n  Name \"English\":\n  \u001b[36m<td\u001b[39m\n    \u001b[33mclass\u001b[39m=\u001b[32m\"p-4 text-xs text-white/60\"\u001b[39m\n  \u001b[36m/>\u001b[39m\n\n  Name \"Edit Delete\":\n  \u001b[36m<td\u001b[39m\n    \u001b[33mclass\u001b[39m=\u001b[32m\"p-4 text-right\"\u001b[39m\n  \u001b[36m/>\u001b[39m\n\n  Name \"Movie Two\":\n  \u001b[36m<td\u001b[39m\n    \u001b[33mclass\u001b[39m=\u001b[32m\"p-4 text-sm font-semibold\"\u001b[39m\n  \u001b[36m/>\u001b[39m\n\n  Name \"Drama\":\n  \u001b[36m<td\u001b[39m\n    \u001b[33mclass\u001b[39m=\u001b[32m\"p-4 text-xs text-white/60\"\u001b[39m\n  \u001b[36m/>\u001b[39m\n\n  Name \"90 min\":\n  \u001b[36m<td\u001b[39m\n    \u001b[33mclass\u001b[39m=\u001b[32m\"p-4 text-xs text-white/60\"\u001b[39m\n  \u001b[36m/>\u001b[39m\n\n  Name \"French\":\n  \u001b[36m<td\u001b[39m\n    \u001b[33mclass\u001b[39m=\u001b[32m\"p-4 text-xs text-white/60\"\u001b[39m\n  \u001b[36m/>\u001b[39m\n\n  Name \"Edit Delete\":\n  \u001b[36m<td\u001b[39m\n    \u001b[33mclass\u001b[39m=\u001b[32m\"p-4 
[...]
\n                    \u001b[36m>\u001b[39m\n                      \u001b[36m<div\u001b[39m\n                        \u001b[33mclass\u001b[39m=\u001b[32m\"w-full h-full flex items-center justify-center text-[10px] font-black uppercase text-white/20 text-center p-4\"\u001b[39m\n                      \u001b[36m>\u001b[39m\n                        \u001b[0mNo Preview\u001b[0m\n                      \u001b[36m</div>\u001b[39m\n                    \u001b[36m</div>\u001b[39m\n                    \u001b[36m<div\u001b[39m\n                      \u001b[33mclass\u001b[39m=\u001b[32m\"flex-1 w-full\"\u001b[39m\n                    \u001b[36m>\u001b[39m\n                      \u001b[36m<input\u001b[39m\n                        \u001b[33maccept\u001b[39m=\u001b[32m\"image/*\"\u001b[39m\n                        \u001b[33mclass\u001b[39m=\u001b[32m\"w-full bg-white/5 border border-white/10 rounded-2xl p-4 text-white text-sm focus:border-primary/50 focus:outline-none transition-colors file:bg-primary file:border-none file:rounded-lg file:text-white file:text-[10px] file:font-black file:uppercase file:px-4 file:py-2 file:mr-4 file:cursor-pointer hover:file:bg-primary/90\"\u001b[39m\n                        \u001b[33mname\u001b[39m=\u001b[32m\"posterImage\"\u001b[39m\n                        \u001b[33mtype\u001b[39m=\u001b[32m\"file\"\u001b[39m\n                      \u001b[36m/>\u001b[39m\n                    \u001b[36m</div>\u001b[39m\n                  \u001b[36m</div>\u001b[39m\n                \u001b[36m</div>\u001b[39m\n                \u001b[36m<div\u001b[39m\n                  \u001b[33mclass\u001b[39m=\u001b[32m\"flex justify-end gap-4 mt-4 pt-10 border-t border-white/5\"\u001b[39m\n                \u001b[36m>\u001b[39m\n                  \u001b[36m<button\u001b[39m\n                    \u001b[33mclass\u001b[39m=\u001b[32m\"text-white/60 hover:text-white py-3 px-6 text-sm font-bold transition-colors\"\u001b[39m\n                    \u001b[33mtype\u001b[39m=\u001b[32m\"button\"\u001b[39m\n                  \u001b[36m>\u001b[39m\n                    \u001b[0mCancel\u001b[0m\n                  \u001b[36m</button>\u001b[39m\n                  \u001b[36m<button\u001b[39m\n                    \u001b[33mclass\u001b[39m=\u001b[32m\"bg-primary hover:bg-primary/90 text-white py-4 px-10 rounded-2xl font-black text-sm shadow-xl shadow-primary/20 transition-all active:scale-95 uppercase tracking-widest\"\u001b[39m\n                    \u001b[33mtype\u001b[39m=\u001b[32m\"submit\"\u001b[39m\n                  \u001b[36m>\u001b[39m\n                    \u001b[0mUpdate Movie\u001b[0m\n                  \u001b[36m</button>\u001b[39m\n                \u001b[36m</div>\u001b[39m\n              \u001b[36m</form>\u001b[39m\n            \u001b[36m</div>\u001b[39m\n          \u001b[36m</div>\u001b[39m\n        \u001b[36m</section>\u001b[39m\n      \u001b[36m</div>\u001b[39m\n    \u001b[36m</body>\u001b[39m\n\u001b[2m\u001b[22m\n\u001b[2m    \u001b[0m \u001b[90m 35 |\u001b[39m         \u001b[36mawait\u001b[39m waitFor(() \u001b[33m=>\u001b[39m screen\u001b[33m.\u001b[39mgetByText(\u001b[32m'Movie One'\u001b[39m))\u001b[33m;\u001b[39m\u001b[22m\n\u001b[2m     \u001b[90m 36 |\u001b[39m         fireEvent\u001b[33m.\u001b[39mclick(screen\u001b[33m.\u001b[39mgetAllByText(\u001b[32m'Edit'\u001b[39m)[\u001b[35m0\u001b[39m])\u001b[33m;\u001b[39m\u001b[22m\n\u001b[2m    \u001b[31m\u001b[1m>\u001b[22m\u001b[2m\u001b[39m\u001b[90m 37 |\u001b[39m         expect(screen\u001b[33m.\u001b[39mgetByRole(\u001b[32m'dialog'\u001b[39m))\u001b[33m.\u001b[39mtoBeInTheDocument()\u001b[33m;\u001b[39m\u001b[22m\n\u001b[2m     \u001b[90m    |\u001b[39m                       \u001b[31m\u001b[1m^\u001b[22m\u001b[2m\u001b[39m\u001b[22m\n\u001b[2m     \u001b[90m 38 |\u001b[39m         expect(screen\u001b[33m.\u001b[39mgetByDisplayValue(\u001b[32m'Movie One'\u001b[39m))\u001b[33m.\u001b[39mtoBeInTheDocument()\u001b[33m;\u001b[39m\u001b[22m\n\u001b[2m     \u001b[90m 39 |\u001b[39m     })\u001b[33m;\u001b[39m\u001b[22m\n\u001b[2m     \u001b[90m 40 |\u001b[39m\u001b[0m\u001b[22m\n\u001b[2m\u001b[22m\n\u001b[2m      \u001b[2mat Object.getElementError (\u001b[22m\u001b[2mnode_modules/@testing-library/dom/dist/config.js\u001b[2m:37:19)\u001b[22m\u001b[2m\u001b[22m\n\u001b[2m      \u001b[2mat \u001b[22m\u001b[2mnode_modules/@testing-library/dom/dist/query-helpers.js\u001b[2m:76:38\u001b[22m\u001b[2m\u001b[22m\n\u001b[2m      \u001b[2mat \u001b[22m\u001b[2mnode_modules/@testing-library/dom/dist/query-helpers.js\u001b[2m:52:17\u001b[22m\u001b[2m\u001b[22m\n\u001b[2m      \u001b[2mat \u001b[22m\u001b[2mnode_modules/@testing-library/dom/dist/query-helpers.js\u001b[2m:95:19\u001b[22m\u001b[2m\u001b[22m\n\u001b[2m      \u001b[2mat Object.getByRole (\u001b[22m\u001b[2m\u001b[0m\u001b[36msrc/__tests__/AdminMovieManagement.test.tsx\u001b[39m\u001b[0m\u001b[2m:37:23)\u001b[22m\u001b[2m\u001b[22m\n\n\u001b[1m\u001b[31m  \u001b[1m● \u001b[22m\u001b[1mAdminMovieManagement Component › deletes a movie after confirmation\u001b[39m\u001b[22m\n\n    TestingLibraryElementError: Found multiple elements with the text: /are you sure/i\n\n    Here are the matching elements:\n\n    Ignored nodes: comments, script, style\n    \u001b[36m<h3\u001b[39m\n      \u001b[33mclass\u001b[39m=\u001b[32m\"text-lg font-black tracking-tight mb-2 text-white\"\u001b[39m\n    \u001b[36m>\u001b[39m\n      \u001b[0mAre you sure?\u001b[0m\n    \u001b[36m</h3>\u001b[39m\n\n    Ignored nodes: comments, script, style\n    \u001b[36m<p\u001b[39m\n      \u001b[33mclass\u001b[39m=\u001b[32m\"text-white/40 text-sm mb-8\"\u001b[39m\n    \u001b[36m>\u001b[39m\n      \u001b[0mAre you sure you want to delete this movie?\u001b[0m\n    \u001b[36m</p>\u001b[39m\n\n    (If this is intentional, then use the `*AllBy*` variant of the query (like `queryAllByText`, `getAllByText`, or `findAllByText`)).\n\n    Ignored nodes: comments, script, style\n    \u001b[36m<body>\u001b[39m\n      \u001b[36m<div>\u001b[39m\n        \u001b[36m<section\u001b[39m\n          \u001b[33mclass\u001b[39m=\u001b[32m\"mt-10 bg-white/5 rounded-3xl p-6 md:p-8 border border-white/5 shadow-inner\"\u001b[39m\n        \u001b[36m>\u001b[39m\n          \u001b[36m<div\u001b[39m\n            \u001b[33mclass\u001b[39m=\u001b[32m\"flex flex-col sm:flex-row justify-between items-start sm:items-center gap-4 mb-8\"\u001b[39m\n          \u001b[36m>\u001b[39m\n            \u001b[36m<h2\u001b[39m\n              \u001b[33mclass\u001b[39m=\u001b[32m\"text-2xl font-black m-0 tracking-tight\"\u001b[39m\n            \u001b[36m>\u001b[39m\n              \u001b[0mMovie Management\u001b[0m\n            \u001b[36m</h2>\u001b[39m\n            \u001b[36m<button\u001b[39m\n              \u001b[33mclass\u001b[39m=\u001b[32m\"bg-green-500 hover:bg-green-600 text-sm py-2.5 px-6 rounded-xl font-bold cursor-pointer text-white border-none shadow-lg shadow-green-500/20 transition-all active:scale-95\"\u001b[39m\n            \u001b[36m>\u001b[39m\n              \u001b[0m+ Add New Movie\u001b[0m\n            \u001b[36m</button>\u001b[39m\n          \u001b[36m</div>\u001b[39m\n          \u001b[36m<div\u001b[39m\n            \u001b[33mclass\u001b[39m=\u001b[32m\"overflow-x-auto -mx-6 md:mx-0\"\u001b[39m\n          \u001b[36m>\u001b[39m\n            \u001b[36m<table\u001b[39m\n              \u001b[33mclass\u001b[39m=\u001b[32m\"w-full border-collapse text-left min-w-[600px]\"\u001b[39m\n            \u001b[36m>\u001b[39m\n              \u001b[36m<thead>\u001b[39m\n                \u001b[36m<tr\u001b[39m\n                  \u001b[33mclass\u001b[39m=\u001b[32m\"border-b border-white/10\"\u001b[39m\n                \u001b[36m>\u001b[39m\n                  \u001b[36m<th\u001b[39m\n                    \u001b[33mclass\u001b[39m=\u001b[32m\"p-4 text-white/40 font-bold text-xs uppercase tracking-widest\"\u001b[39m\n                  \u001b[36m>\u001b[39m\n                    \u001b[0mTitle\u001b[0m\n                  \u001b[36m</th>\u001b[39m\n                  \u001b[36m<th\u001b[39m\n                    \u001b[33mclass\u001b[39m=\u001b[32m\"p-4 text-white/40 font-bold text-xs uppercase tracking-widest\"\u001b[39m\n                  \u001b[36m>\u001b[39m\n                    \u001b[0mGenre\u001b[0m\n                  \u001b[36m</th>\u001b[39m\n                  \u001b[36m<th\u001b[39m\n                    \u001b[33mclass\u001b[39m=\u001b[32m\"p-4 text-white/40 font-bold text-xs uppercase tracking-widest\"\u001b[39m\n                  \u001b[36m>\u001b[39m\n                    \u001b[0mDuration\u001b[0m\n                  \u001b[36m</th>\u001b[39m\n                  \u001b[36m<th\u001b[39m\n                    \u001b[33mclass\u001b[39m=\u001b[32m\"p-4 text-white/40 font-bold text-xs uppercase tracking-widest\"\u001b[39m\n                  \u001b[36m>\u001b[39m\n                    \u001b[0mLanguage\u001b[0m\n                  \u001b[36m</th>\u001b[39m\n                  \u001b[36m<th\u001b[39m\n                    \u001b[33mclass\u001b[39m=\u001b[32m\"p-4 text-white/40 font-bold text-xs uppercase tracking-widest text-right\"\u001b[39m\n                  \u001b[36m>\u001b[39m\n                    \u001b[0mActions\u001b[0m\n                  \u001b[36m</th>\u001b[39m\n                \u001b[36m</tr>\u001b[39m\n              \u001b[36m</thead>\u001b[39m\n              \u001b[36m<tbody\u001b[39m\n                \u001b[33mclass\u001b[39m=\u001b[32m\"divide-y divide-white/5\"\u001b[39m\n              \u001b[36m>\u001b[39m\n                \u001b[36m<tr\u001b[39m\n                  \u001b[33mclass\u001b[39m=\u001b[32m\"hover:bg-white/[0.02] transition-colors group\"\u001b[39m\n                \u001b[36m>\u001b[39m\n                  \u001b[36m<td\u001b[39m\n                    \u001b[33mclass\u001b[39m=\u001b[32m\"p-4 text-sm font-semibold\"\u001b[39m\n                  \u001b[36m>\u001b[39m\n                    \u001b[0mMovie One\u001b[0m\n                  \u001b[36m</td>\u001b[39m\n                  \u001b[36m<td\u001b[39m\n                    \u001b[33mclass\u001b[39m=\u001b[32m\"p-4 text-xs text-white/60\"\u001b[39m\n                  \u001b[36m>\u001b[39m\n                    \u001b[0mAction\u001b[0m\n                  \u001b[36m</td>\u001b[39m\n                  \u001b[36m<td\u001b[39m\n                    \u001b[33mclass\u001b[39m=\u001b[32m\"p-4 text-xs text-white/60\"\u001b[39m\n                  \u001b[36m>\u001b[39m\n                    \u001b[0m120\u001b[0m\n                    \u001b[0m min\u001b[0m\n                  \u001b[36m</td>\u001b[39m\n                  \u001b[36m<td\u001b[39m\n                    \u001b[33mclass\u001b[39m=\u001b[32m\"p-4 text-xs text-white/60\"\u001b[39m\n                  \u001b[36m>\u001b[39m\n                    \u001b[0mEnglish\u001b[0m\n                  \u001b[36m</td>\u001b[39m\n                  \u001b[36m<td\u001b[39m\n                    \u001b[33mclass\u001b[39m=\u001b[32m\"p-4 text-right\"\u001b[39m\n                  \u001b[36m>\u001b[39m\n                    \u001b[36m<div\u001b[39m\n                      \u001b[33mclass\u001b[39m=\u001b[32m\"flex justify-end gap-2 group-hover:translate-x-0 transition-transform\"\u001b[39m\n                    \u001b[36m>\u001b[39m\n                      \u001b[36m<button\u001b[39m\n                        \u001b[33mclass\u001b[39m=\u001b[32m\"bg-white/5 hover:bg-white/10 text-white/70 hover:text-white py-1.5 px-4 rounded-lg text-xs font-bold border border-white/10 transition-colors\"\u001b[39m\n                      \u001b[36m>\u001b[39m\n                        \u001b[0mEdit\u001b[0m\n                      \u001b[36m</button>\u001b[39m\n                      \u001b[36m<button\u001b[39m\n                        \u001b[33mclass\u001b[39m=\u001b[32m\"bg-primary/10 hover:bg-primary/20 text-primary py-1.5 px-4 rounded-lg text-xs font-bold border border-primary/20 transition-colors\"\u001b[39m\n                      \u001b[36m>\u001b[39m\n                        \u001b[0mDelete\u001b[0m\n                      \u001b[36m</button>\u001b[39m\n                    \u001b[36m</div>\u001b[39m\n                  \u001b[36m</td>\u001b[39m\n                \u001b[36m</tr>\u001b[39m\n                \u001b[36m<tr\u001b[39m\n                  \u001b[33mclass\u001b[39m=\u001b[32m\"hover:bg-white/[0.02] transition-colors group\"\u001b[39m\n                \u001b[36m>\u001b[39m\n                  \u001b[36m<td\u001b[39m\n                    \u001b[33mclass\u001b[39m=\u001b[32m\"p-4 text-sm font-semibold\"\u001b[39m\n                  \u001b[36m>\u001b[39m\n                    \u001b[0mMovie Two\u001b[0m\n                  \u001b[36m</td>\u001b[39m\n                  \u001b[36m<td\u001b[39m\n                    \u001b[33mclass\u001b[39m=\u001b[32m\"p-4 text-xs text-white/60\"\u001b[39m\n                  \u001b[36m>\u001b[39m\n                    \u001b[0mDrama\u001b[0m\n                  \u001b[36m</td>\u001b[39m\n                  \u001b[36m<td\u001b[39m\n                    \u001b[33mclass\u001b[39m=\u001b[32m\"p-4 text-xs text-white/60\"\u001b[39m\n                  \u001b[36m>\u001b[39m\n                    \u001b[0m90\u001b[0m\n                    \u001b[0m min\u001b[0m\n                  \u001b[36m</td>\u001b[39m\n                  \u001b[36m<td\u001b[39m\n                    \u001b[33mclass\u001b[39m=\u001b[32m\"p-4 text-xs text-white/60\"\u001b[39m\n                  \u001b[36m>\u001b[39m\n                    \u001b[0mFrench\u001b[0m\n                  \u001b[36m</td>\u001b[39m\n                  \u001b[36m<td\u001b[39m\n                    \u001b[33mclass\u001b[39m=\u001b[32m\"p-4 text-right\"\u001b[39m\n                  \u001b[36m>\u001b[39m\n                    \u001b[36m<div\u001b[39m\n                      \u001b[33mclass\u001b[39m=\u001b[32m\"flex justify-end gap-2 group-hover:translate-x-0 transition-transform\"\u001b[39m\n                    \u001b[36m>\u001b[39m\n                      \u001b[36m<button\u001b[39m\n                        \u001b[33mclass\u001b[39m=\u001b[32m\"bg-white/5 hover:bg-white/10 text-white/70 hover:text-white py-1.5 px-4 rounded-lg text-xs font-bold border border-white/10 transition-colors\"\u001b[39m\n                      \u001b[36m>\u001b[39m\n                        \u001b[0mEdit\u001b[0m\n                      \u001b[36m</button>\u001b[39m\n                      \u001b[36m<button\u001b[39m\n                        \u001b[33mclass\u001b[39m=\u001b[32m\"bg-primary/10 hover:bg-primary/20 text-primary py-1.5 px-4 rounded-lg text-xs font-bold border border-primary/20 transition-colors\"\u001b[39m\n                      \u001b[36m>\u001b[39m\n                        \u001b[0mDelete\u001b[0m\n                      \u001b[36m</button>\u001b[39m\n                    \u001b[36m</div>\u001b[39m\n                  \u001b[36m</td>\u001b[39m\n                \u001b[36m</tr>\u001b[39m\n              \u001b[36m</tbody>\u001b[39m\n            \u001b[36m</table>\u001b[39m\n          \u001b[36m</div>\u001b[39m\n          \u001b[36m<div\u001b[39m\n            \u001b[33mclass\u001b[39m=\u001b[32m\"fixed inset-0 bg-black/80 backdrop-blur-md flex justify-center items-center z-[2000] p-5 animate-in fade-in duration-200\"\u001b[39m\n          \u001b[36m>\u001b[39m\n            \u001b[36m<div\u001b[39m\n              \u001b[33mclass\u001b[39m=\u001b[32m\"bg-[#0a0a0a] border border-white/10 rounded-[28px] p-8 w-full max-w-sm shadow-2xl animate-in zoom-in-95 duration-200 text-center\"\u001b[39m\n            \u001b[36m>\u001b[39m\n              \u001b[36m<div\u001b[39m\n                \u001b[33mclass\u001b[39m=\u001b[32m\"text-4xl mb-5\"\u001b[39m\n              \u001b[36m>\u001b[39m\n                \u001b[0m⚠️\u001b[0m\n              \u001b[36m</div>\u001b[39m\n              \u001b[36m<h3\u001b[39m\n                \u001b[33mclass\u001b[39m=\u001b[32m\"text-lg font-black tracking-tight mb-2 text-white\"\u001b[39m\n              \u001b[36m>\u001b[39m\n                \u001b[0mAre you sure?\u001b[0m\n              \u001b[36m</h3>\u001b[39m\n              \u001b[36m<p\u001b[39m\n                \u001b[33mclass\u001b[39m=\u001b[32m\"text-white/40 text-sm mb-8\"\u001b[39m\n              \u001b[36m>\u001b[39m\n                \u001b[0mAre you sure you want to delete this movie?\u001b[0m\n              \u001b[36m</p>\u001b[39m\n              \u001b[36m<div\u001b[39m\n                \u001b[33mclass\u001b[39m=\u001b[32m\"flex justify-center gap-3\"\u001b[39m\n              \u001b[36m>\u001b[39m\n                \u001b[36m<button\u001b[39m\n                  \u001b[33mclass\u001b[39m=\u001b[32m\"text-white/50 hover:text-white py-3 px-6 text-sm font-bold transition-colors bg-white/5 hover:bg-white/10 border border-white/10 rounded-xl cursor-pointer\"\u001b[39m\n                \u001b[36m>\u001b[39m\n                  \u001b[0mCancel\u001b[0m\n                \u001b[36m</button>\u001b[39m\n                \u001b[36m<button\u001b[39m\n                  \u001b[33mclass\u001b[39m=\u001b[32m\"bg-primary hover:bg-primary/90 text-white py-3 px-8 rounded-xl font-bold text-sm shadow-xl shadow-primary/20 transition-all active:scale-95 border-none cursor-pointer\"\u001b[39m\n                \u001b[36m>\u001b[39m\n                  \u001b[0mYes, Delete\u001b[0m\n                \u001b[36m</button>\u001b[39m\n              \u001b[36m</div>\u001b[39m\n            \u001b[36m</div>\u001b[39m\n          \u001b[36m</div>\u001b[39m\n        \u001b[36m</section>\u001b[39m\n      \u001b[36m</div>\u001b[39m\n    \u001b[36m</body>\u001b[39m\n\u001b[2m\u001b[22m\n\u001b[2m    \u001b[0m \u001b[90m 44 |\u001b[39m         fireEvent\u001b[33m.\u001b[39mclick(screen\u001b[33m.\u001b[39mgetAllByText(\u001b[32m'Delete'\u001b[39m)[\u001b[35m0\u001b[39m])\u001b[33m;\u001b[39m\u001b[22m\n\u001b[2m     \u001b[90m 45 |\u001b[39m         \u001b[90m// Confirm modal appears\u001b[39m\u001b[22m\n\u001b[2m    \u001b[31m\u001b[1m>\u001b[22m\u001b[2m\u001b[39m\u001b[90m 46 |\u001b[39m         expect(screen\u001b[33m.\u001b[39mgetByText(\u001b[35m/are you sure/i\u001b[39m))\u001b[33m.\u001b[39mtoBeInTheDocument()\u001b[33m;\u001b[39m\u001b[22m\n\u001b[2m     \u001b[90m    |\u001b[39m                       \u001b[31m\u001b[1m^\u001b[22m\u001b[2m\u001b[39m\u001b[22m\n\u001b[2m     \u001b[90m 47 |\u001b[39m         fireEvent\u001b[33m.\u001b[39mclick(screen\u001b[33m.\u001b[39mgetByText(\u001b[32m'Confirm'\u001b[39m))\u001b[33m;\u001b[39m\u001b[22m\n\u001b[2m     \u001b[90m 48 |\u001b[39m         \u001b[36mawait\u001b[39m waitFor(() \u001b[33m=>\u001b[39m expect(movieService\u001b[33m.\u001b[39mdeleteMovie)\u001b[33m.\u001b[39mtoHaveBeenCalledWith(\u001b[32m'1'\u001b[39m))\u001b[33m;\u001b[39m\u001b[22m\n\u001b[2m     \u001b[90m 49 |\u001b[39m     })\u001b[33m;\u001b[39m\u001b[0m\u001b[22m\n\u001b[2m\u001b[22m\n\u001b[2m      \u001b[2mat Object.getElementError (\u001b[22m\u001b[2mnode_modules/@testing-library/dom/dist/config.js\u001b[2m:37:19)\u001b[22m\u001b[2m\u001b[22m\n\u001b[2m      \u001b[2mat getElementError (\u001b[22m\u001b[2mnode_modules/@testing-library/dom/dist/query-helpers.js\u001b[2m:20:35)\u001b[22m\u001b[2m\u001b[22m\n\u001b[2m      \u001b[2mat getMultipleElementsFoundError (\u001b[22m\u001b[2mnode_modules/@testing-library/dom/dist/query-helpers.js\u001b[2m:23:10)\u001b[22m\u001b[2m\u001b[22m\n\u001b[2m      \u001b[2mat \u001b[22m\u001b[2mnode_modules/@testing-library/dom/dist/query-helpers.js\u001b[2m:55:13\u001b[22m\u001b[2m\u001b[22m\n\u001b[2m      \u001b[2mat \u001b[22m\u001b[2mnode_modules/@testing-library/dom/dist/query-helpers.js\u001b[2m:95:19\u001b[22m\u001b[2m\u001b[22m\n\u001b[2m      \u001b[2mat Object.getByText (\u001b[22m\u001b[2m\u001b[0m\u001b[36msrc/__tests__/AdminMovieManagement.test.tsx\u001b[39m\u001b[0m\u001b[2m:46:23)\u001b[22m\u001b[2m\u001b[22m\n","name":"C:\\Users\\User\\Documents\\Developer\\WebApi-Booko\\booko-frontend\\src\\__tests__\\AdminMovieManagement.test.tsx","startTime":1772691133018,"status":"failed","summary":""}],"wasInterrupted":false}
